V1|12:33:05.478 == Class: LogDataAccess                 Method: InsertLog                               Routine: ERROR***       Message: []Invalid object name 'tblLog'.
V1|12:33:09.941 == Class: LogDataAccess                 Method: InsertLog                               Routine: ERROR***       Message: [ipsos@teste.com.br]Invalid object name 'tblLog'.
V1|12:33:46.149 == Class: LogDataAccess                 Method: InsertLog                               Routine: ERROR***       Message: [ipsos@teste.com.br]Invalid object name 'tblLog'.
V1|12:33:58.476 == Class: LogDataAccess                 Method: InsertLog                               Routine: ERROR***       Message: [ipsos@teste.com.br]Invalid object name 'tblLog'.
V1|12:36:37.410 == Class: LogDataAccess                 Method: InsertLog                               Routine: ERROR***       Message: [ipsos@teste.com.br]Invalid object name 'tblLog'.
V1|12:36:48.682 == Class: LogDataAccess                 Method: InsertLog                               Routine: ERROR***       Message: [ipsos@teste.com.br]Invalid object name 'tblLog'.
V1|12:37:59.611 == Class: LogDataAccess                 Method: InsertLog                               Routine: ERROR***       Message: [ipsos@teste.com.br]Invalid object name 'tblLog'.
V1|12:39:07.747 == Class: LogDataAccess                 Method: InsertLog                               Routine: ERROR***       Message: [ipsos@teste.com.br]Invalid object name 'tblLog'.
V1|12:39:17.921 == Class: LogDataAccess                 Method: InsertLog                               Routine: ERROR***       Message: [ipsos@teste.com.br]Invalid object name 'tblLog'.
V1|12:41:29.718 == Class: LogDataAccess                 Method: InsertLog                               Routine: ERROR***       Message: [ipsos@teste.com.br]Invalid object name 'tblLog'.
V1|12:41:37.626 == Class: LogDataAccess                 Method: InsertLog                               Routine: ERROR***       Message: [ipsos@teste.com.br]Invalid object name 'tblLog'.
V1|12:41:47.145 == Class: LogDataAccess                 Method: InsertLog                               Routine: ERROR***       Message: [ipsos@teste.com.br]Invalid object name 'tblLog'.
V1|12:43:37.005 == Class: LogDataAccess                 Method: InsertLog                               Routine: ERROR***       Message: [ipsos@teste.com.br]Invalid object name 'tblLog'.
V1|12:43:43.655 == Class: LogDataAccess                 Method: InsertLog                               Routine: ERROR***       Message: [ipsos@teste.com.br]Invalid object name 'tblLog'.
V1|12:43:59.596 == Class: LogDataAccess                 Method: InsertLog                               Routine: ERROR***       Message: [ipsos@teste.com.br]Invalid object name 'tblLog'.
V1|12:48:01.411 == Class: LogDataAccess                 Method: InsertLog                               Routine: ERROR***       Message: [ipsos@teste.com.br]Invalid object name 'tblLog'.
V1|12:48:22.203 == Class: LogDataAccess                 Method: InsertLog                               Routine: ERROR***       Message: [ipsos@teste.com.br]Invalid object name 'tblLog'.
V1|12:48:43.005 == Class: LogDataAccess                 Method: InsertLog                               Routine: ERROR***       Message: [ipsos@teste.com.br]Invalid object name 'tblLog'.
V1|12:48:51.324 == Class: LogDataAccess                 Method: InsertLog                               Routine: ERROR***       Message: [ipsos@teste.com.br]Invalid object name 'tblLog'.
V1|12:49:17.699 == Class: LogDataAccess                 Method: InsertLog                               Routine: ERROR***       Message: [ipsos@teste.com.br]Invalid object name 'tblLog'.
V1|12:54:34.441 == Class: LogDataAccess                 Method: InsertLog                               Routine: ERROR***       Message: [ipsos@teste.com.br]Invalid object name 'tblLog'.
V1|12:54:42.030 == Class: LogDataAccess                 Method: InsertLog                               Routine: ERROR***       Message: [ipsos@teste.com.br]Invalid object name 'tblLog'.
V1|12:55:06.959 == Class: LogDataAccess                 Method: InsertLog                               Routine: ERROR***       Message: [ipsos@teste.com.br]Invalid object name 'tblLog'.
V1|12:55:47.551 == Class: LogDataAccess                 Method: InsertLog                               Routine: ERROR***       Message: [ipsos@teste.com.br]Invalid object name 'tblLog'.
V1|12:56:02.336 == Class: LogDataAccess                 Method: InsertLog                               Routine: ERROR***       Message: [ipsos@teste.com.br]Invalid object name 'tblLog'.
V1|12:56:20.823 == Class: LogDataAccess                 Method: InsertLog                               Routine: ERROR***       Message: [ipsos@teste.com.br]Invalid object name 'tblLog'.
V1|12:57:24.838 == Class: LogDataAccess                 Method: InsertLog                               Routine: ERROR***       Message: [ipsos@teste.com.br]Invalid object name 'tblLog'.
V1|12:57:34.103 == Class: LogDataAccess                 Method: InsertLog                               Routine: ERROR***       Message: [ipsos@teste.com.br]Invalid object name 'tblLog'.
V1|12:57:41.276 == Class: LogDataAccess                 Method: InsertLog                               Routine: ERROR***       Message: [ipsos@teste.com.br]Invalid object name 'tblLog'.
V1|12:58:05.579 == Class: LogDataAccess                 Method: InsertLog                               Routine: ERROR***       Message: [ipsos@teste.com.br]Invalid object name 'tblLog'.
V1|12:58:13.792 == Class: LogDataAccess                 Method: InsertLog                               Routine: ERROR***       Message: [ipsos@teste.com.br]Invalid object name 'tblLog'.
V1|12:58:25.789 == Class: LogDataAccess                 Method: InsertLog                               Routine: ERROR***       Message: [ipsos@teste.com.br]Invalid object name 'tblLog'.
V1|12:58:30.806 == Class: LogDataAccess                 Method: InsertLog                               Routine: ERROR***       Message: [ipsos@teste.com.br]Invalid object name 'tblLog'.
V1|12:58:34.382 == Class: LogDataAccess                 Method: InsertLog                               Routine: ERROR***       Message: [ipsos@teste.com.br]Invalid object name 'tblLog'.
V1|12:59:06.905 == Class: LogDataAccess                 Method: InsertLog                               Routine: ERROR***       Message: [ipsos@teste.com.br]Invalid object name 'tblLog'.
V1|12:59:49.198 == Class: LogDataAccess                 Method: InsertLog                               Routine: ERROR***       Message: [ipsos@teste.com.br]Invalid object name 'tblLog'.
V1|13:00:01.489 == Class: LogDataAccess                 Method: InsertLog                               Routine: ERROR***       Message: [ipsos@teste.com.br]Invalid object name 'tblLog'.
V1|13:00:06.314 == Class: LogDataAccess                 Method: InsertLog                               Routine: ERROR***       Message: [ipsos@teste.com.br]Invalid object name 'tblLog'.
V1|13:00:18.146 == Class: LogDataAccess                 Method: InsertLog                               Routine: ERROR***       Message: [ipsos@teste.com.br]Invalid object name 'tblLog'.
V1|13:01:17.855 == Class: LogDataAccess                 Method: InsertLog                               Routine: ERROR***       Message: [ipsos@teste.com.br]Invalid object name 'tblLog'.
V1|13:05:51.116 == Class: DashboardThreeDataAccess      Method: CarregarGraficoComparativoExperiencia   Routine: ERROR***       Message: [ipsos@teste.com.br]O cliente não pôde estabelecer uma conexão devido a um erro durante o processo de inicialização da conexão antes do logon. Possíveis causas incluem: o cliente tentou conectar-se a uma versão sem suporte do SQL Server; o servidor estava muito ocupado para aceitar novas conexões; ou havia uma limitação de recursos (memória insuficiente ou máximo de conexões permitidas) no servidor. (provider: TCP Provider, error: 0 - Foi forçado o cancelamento de uma conexão existente pelo host remoto.)
V1|13:06:11.670 == Class: DashboardThreeDataAccess      Method: CarregarGraficoComparativoExperiencia   Routine: ERROR***       Message: [ipsos@teste.com.br]Uma conexão com o servidor foi estabelecida com êxito, mas ocorreu um erro durante o handshake de pré-logon. (provider: SSL Provider, error: 0 - O tempo limite de espera foi atingido.)
V1|13:06:11.729 == Class: DashboardThreeDataAccess      Method: CarregarGraficoComparativoExperiencia   Routine: ERROR***       Message: [ipsos@teste.com.br]Uma conexão com o servidor foi estabelecida com êxito, mas ocorreu um erro durante o handshake de pré-logon. (provider: SSL Provider, error: 0 - O tempo limite de espera foi atingido.)
V1|13:06:11.796 == Class: DashboardThreeDataAccess      Method: CarregarGraficoComparativoExperiencia   Routine: ERROR***       Message: [ipsos@teste.com.br]Erro de rede ou específico à instância ao estabelecer conexão com o SQL Server. O servidor não foi encontrado ou não estava acessível. Verifique se o nome da instância está correto e se o SQL Server está configurado para permitir conexões remotas. (provider: Named Pipes Provider, error: 40 - Não foi possível abrir uma conexão com o SQL Server)
V1|13:08:40.033 == Class: LogDataAccess                 Method: InsertLog                               Routine: ERROR***       Message: [ipsos@teste.com.br]Invalid object name 'tblLog'.
V1|13:13:01.101 == Class: LogDataAccess                 Method: InsertLog                               Routine: ERROR***       Message: []Invalid object name 'tblLog'.
V1|13:13:44.535 == Class: LogDataAccess                 Method: InsertLog                               Routine: ERROR***       Message: []Invalid object name 'tblLog'.
V1|13:14:26.889 == Class: LogDataAccess                 Method: InsertLog                               Routine: ERROR***       Message: []Invalid object name 'tblLog'.
V1|13:21:21.267 == Class: LogDataAccess                 Method: InsertLog                               Routine: ERROR***       Message: []Invalid object name 'tblLog'.
V1|13:23:27.800 == Class: LogDataAccess                 Method: InsertLog                               Routine: ERROR***       Message: []Invalid object name 'tblLog'.
V1|13:26:55.300 == Class: LogDataAccess                 Method: InsertLog                               Routine: ERROR***       Message: []Invalid object name 'tblLog'.
V1|13:27:56.477 == Class: LogDataAccess                 Method: InsertLog                               Routine: ERROR***       Message: []Invalid object name 'tblLog'.
V1|13:28:16.151 == Class: LogDataAccess                 Method: InsertLog                               Routine: ERROR***       Message: []Invalid object name 'tblLog'.
V1|13:32:12.327 == Class: LogDataAccess                 Method: InsertLog                               Routine: ERROR***       Message: []Invalid object name 'tblLog'.
V1|13:34:24.327 == Class: LogDataAccess                 Method: InsertLog                               Routine: ERROR***       Message: []Invalid object name 'tblLog'.
V1|13:40:03.079 == Class: LogDataAccess                 Method: InsertLog                               Routine: ERROR***       Message: []Invalid object name 'tblLog'.
V1|13:40:33.822 == Class: LogDataAccess                 Method: InsertLog                               Routine: ERROR***       Message: []Invalid object name 'tblLog'.
V1|13:41:01.746 == Class: LogDataAccess                 Method: InsertLog                               Routine: ERROR***       Message: []Invalid object name 'tblLog'.
V1|13:41:33.655 == Class: LogDataAccess                 Method: InsertLog                               Routine: ERROR***       Message: []Invalid object name 'tblLog'.
V1|13:41:39.986 == Class: LogDataAccess                 Method: InsertLog                               Routine: ERROR***       Message: []Invalid object name 'tblLog'.
V1|13:41:48.866 == Class: LogDataAccess                 Method: InsertLog                               Routine: ERROR***       Message: []Invalid object name 'tblLog'.
V1|13:46:03.710 == Class: LogDataAccess                 Method: InsertLog                               Routine: ERROR***       Message: []Invalid object name 'tblLog'.
V1|13:46:54.063 == Class: LogDataAccess                 Method: InsertLog                               Routine: ERROR***       Message: []Invalid object name 'tblLog'.
V1|13:47:29.304 == Class: LogDataAccess                 Method: InsertLog                               Routine: ERROR***       Message: []Invalid object name 'tblLog'.
V1|13:47:48.799 == Class: LogDataAccess                 Method: InsertLog                               Routine: ERROR***       Message: []Invalid object name 'tblLog'.
V1|13:53:32.973 == Class: LogDataAccess                 Method: InsertLog                               Routine: ERROR***       Message: []Invalid object name 'tblLog'.
V1|13:56:41.139 == Class: LogDataAccess                 Method: InsertLog                               Routine: ERROR***       Message: []Invalid object name 'tblLog'.
V1|13:57:13.107 == Class: LogDataAccess                 Method: InsertLog                               Routine: ERROR***       Message: []Invalid object name 'tblLog'.
V1|13:59:34.097 == Class: LogDataAccess                 Method: InsertLog                               Routine: ERROR***       Message: []Invalid object name 'tblLog'.
V1|14:07:21.743 == Class: LogDataAccess                 Method: InsertLog                               Routine: ERROR***       Message: []Invalid object name 'tblLog'.
V1|14:07:29.904 == Class: LogDataAccess                 Method: InsertLog                               Routine: ERROR***       Message: []Invalid object name 'tblLog'.
V1|14:07:37.663 == Class: LogDataAccess                 Method: InsertLog                               Routine: ERROR***       Message: []Invalid object name 'tblLog'.
V1|14:07:43.573 == Class: LogDataAccess                 Method: InsertLog                               Routine: ERROR***       Message: []Invalid object name 'tblLog'.
V1|14:07:51.625 == Class: LogDataAccess                 Method: InsertLog                               Routine: ERROR***       Message: []Invalid object name 'tblLog'.
V1|14:08:13.221 == Class: LogDataAccess                 Method: InsertLog                               Routine: ERROR***       Message: []Invalid object name 'tblLog'.
V1|14:08:44.647 == Class: LogDataAccess                 Method: InsertLog                               Routine: ERROR***       Message: []Invalid object name 'tblLog'.
V1|14:10:58.994 == Class: LogDataAccess                 Method: InsertLog                               Routine: ERROR***       Message: []Invalid object name 'tblLog'.
V1|14:11:02.636 == Class: LogDataAccess                 Method: InsertLog                               Routine: ERROR***       Message: []Invalid object name 'tblLog'.
V1|14:11:08.677 == Class: LogDataAccess                 Method: InsertLog                               Routine: ERROR***       Message: []Invalid object name 'tblLog'.
V1|14:11:15.877 == Class: LogDataAccess                 Method: InsertLog                               Routine: ERROR***       Message: []Invalid object name 'tblLog'.
V1|14:11:20.691 == Class: LogDataAccess                 Method: InsertLog                               Routine: ERROR***       Message: []Invalid object name 'tblLog'.
V1|14:15:22.258 == Class: LogDataAccess                 Method: InsertLog                               Routine: ERROR***       Message: []Invalid object name 'tblLog'.
V1|14:15:27.018 == Class: LogDataAccess                 Method: InsertLog                               Routine: ERROR***       Message: []Invalid object name 'tblLog'.
V1|14:15:30.532 == Class: LogDataAccess                 Method: InsertLog                               Routine: ERROR***       Message: []Invalid object name 'tblLog'.
V1|14:15:33.800 == Class: LogDataAccess                 Method: InsertLog                               Routine: ERROR***       Message: []Invalid object name 'tblLog'.
V1|14:15:39.076 == Class: LogDataAccess                 Method: InsertLog                               Routine: ERROR***       Message: []Invalid object name 'tblLog'.
V1|14:15:43.046 == Class: LogDataAccess                 Method: InsertLog                               Routine: ERROR***       Message: []Invalid object name 'tblLog'.
V1|14:19:32.977 == Class: LogDataAccess                 Method: InsertLog                               Routine: ERROR***       Message: []Invalid object name 'tblLog'.
V1|14:19:35.899 == Class: LogDataAccess                 Method: InsertLog                               Routine: ERROR***       Message: []Invalid object name 'tblLog'.
V1|14:19:41.302 == Class: LogDataAccess                 Method: InsertLog                               Routine: ERROR***       Message: []Invalid object name 'tblLog'.
V1|14:19:44.163 == Class: LogDataAccess                 Method: InsertLog                               Routine: ERROR***       Message: []Invalid object name 'tblLog'.
V1|14:19:50.177 == Class: LogDataAccess                 Method: InsertLog                               Routine: ERROR***       Message: []Invalid object name 'tblLog'.
V1|14:19:52.474 == Class: LogDataAccess                 Method: InsertLog                               Routine: ERROR***       Message: []Invalid object name 'tblLog'.
V1|14:20:03.626 == Class: LogDataAccess                 Method: InsertLog                               Routine: ERROR***       Message: []Invalid object name 'tblLog'.
V1|14:20:10.878 == Class: LogDataAccess                 Method: InsertLog                               Routine: ERROR***       Message: []Invalid object name 'tblLog'.
V1|14:20:22.276 == Class: LogDataAccess                 Method: InsertLog                               Routine: ERROR***       Message: []Invalid object name 'tblLog'.
V1|14:20:24.241 == Class: LogDataAccess                 Method: InsertLog                               Routine: ERROR***       Message: []Invalid object name 'tblLog'.
V1|14:20:34.273 == Class: LogDataAccess                 Method: InsertLog                               Routine: ERROR***       Message: []Invalid object name 'tblLog'.
V1|14:20:43.464 == Class: LogDataAccess                 Method: InsertLog                               Routine: ERROR***       Message: []Invalid object name 'tblLog'.
V1|14:22:13.095 == Class: LogDataAccess                 Method: InsertLog                               Routine: ERROR***       Message: []Invalid object name 'tblLog'.
V1|14:22:15.031 == Class: LogDataAccess                 Method: InsertLog                               Routine: ERROR***       Message: []Invalid object name 'tblLog'.
V1|14:22:22.315 == Class: LogDataAccess                 Method: InsertLog                               Routine: ERROR***       Message: []Invalid object name 'tblLog'.
V1|14:22:26.235 == Class: LogDataAccess                 Method: InsertLog                               Routine: ERROR***       Message: []Invalid object name 'tblLog'.
V1|14:23:14.740 == Class: LogDataAccess                 Method: InsertLog                               Routine: ERROR***       Message: []Invalid object name 'tblLog'.
V1|14:23:16.852 == Class: LogDataAccess                 Method: InsertLog                               Routine: ERROR***       Message: []Invalid object name 'tblLog'.
V1|14:23:24.928 == Class: LogDataAccess                 Method: InsertLog                               Routine: ERROR***       Message: []Invalid object name 'tblLog'.
V1|14:23:29.079 == Class: LogDataAccess                 Method: InsertLog                               Routine: ERROR***       Message: []Invalid object name 'tblLog'.
V1|14:23:35.190 == Class: LogDataAccess                 Method: InsertLog                               Routine: ERROR***       Message: []Invalid object name 'tblLog'.
V1|14:23:41.428 == Class: LogDataAccess                 Method: InsertLog                               Routine: ERROR***       Message: []Invalid object name 'tblLog'.
V1|14:23:49.241 == Class: LogDataAccess                 Method: InsertLog                               Routine: ERROR***       Message: []Invalid object name 'tblLog'.
V1|14:23:59.130 == Class: LogDataAccess                 Method: InsertLog                               Routine: ERROR***       Message: []Invalid object name 'tblLog'.
V1|14:24:21.787 == Class: LogDataAccess                 Method: InsertLog                               Routine: ERROR***       Message: []Invalid object name 'tblLog'.
V1|14:24:28.181 == Class: LogDataAccess                 Method: InsertLog                               Routine: ERROR***       Message: []Invalid object name 'tblLog'.
V1|14:24:31.717 == Class: LogDataAccess                 Method: InsertLog                               Routine: ERROR***       Message: []Invalid object name 'tblLog'.
V1|14:24:35.656 == Class: LogDataAccess                 Method: InsertLog                               Routine: ERROR***       Message: []Invalid object name 'tblLog'.
V1|14:24:45.594 == Class: LogDataAccess                 Method: InsertLog                               Routine: ERROR***       Message: []Invalid object name 'tblLog'.
V1|14:24:51.263 == Class: LogDataAccess                 Method: InsertLog                               Routine: ERROR***       Message: []Invalid object name 'tblLog'.
V1|14:24:55.860 == Class: LogDataAccess                 Method: InsertLog                               Routine: ERROR***       Message: []Invalid object name 'tblLog'.
V1|14:25:05.096 == Class: LogDataAccess                 Method: InsertLog                               Routine: ERROR***       Message: []Invalid object name 'tblLog'.
V1|14:25:14.803 == Class: LogDataAccess                 Method: InsertLog                               Routine: ERROR***       Message: []Invalid object name 'tblLog'.
V1|14:25:18.258 == Class: LogDataAccess                 Method: InsertLog                               Routine: ERROR***       Message: []Invalid object name 'tblLog'.
V1|14:25:24.182 == Class: LogDataAccess                 Method: InsertLog                               Routine: ERROR***       Message: []Invalid object name 'tblLog'.
V1|15:50:21.885 == Class: LogDataAccess                 Method: InsertLog                               Routine: ERROR***       Message: []Invalid object name 'tblLog'.
V1|15:50:32.253 == Class: LogDataAccess                 Method: InsertLog                               Routine: ERROR***       Message: [ipsos@teste.com.br]Invalid object name 'tblLog'.
V1|15:50:36.766 == Class: LogDataAccess                 Method: InsertLog                               Routine: ERROR***       Message: [ipsos@teste.com.br]Invalid object name 'tblLog'.
V1|16:00:26.874 == Class: LogDataAccess                 Method: InsertLog                               Routine: ERROR***       Message: [ipsos@teste.com.br]Invalid object name 'tblLog'.
V1|16:06:25.678 == Class: LogDataAccess                 Method: InsertLog                               Routine: ERROR***       Message: [ipsos@teste.com.br]Invalid object name 'tblLog'.
V1|16:07:29.616 == Class: LogDataAccess                 Method: InsertLog                               Routine: ERROR***       Message: [ipsos@teste.com.br]Invalid object name 'tblLog'.
V1|16:07:34.384 == Class: LogDataAccess                 Method: InsertLog                               Routine: ERROR***       Message: [ipsos@teste.com.br]Invalid object name 'tblLog'.
V1|16:17:48.371 == Class: LogDataAccess                 Method: InsertLog                               Routine: ERROR***       Message: [ipsos@teste.com.br]Invalid object name 'tblLog'.
V1|17:10:58.468 == Class: LogDataAccess                 Method: InsertLog                               Routine: ERROR***       Message: []Invalid object name 'tblLog'.
V1|17:12:14.979 == Class: LogDataAccess                 Method: InsertLog                               Routine: ERROR***       Message: [ipsos@teste.com.br]Invalid object name 'tblLog'.
V1|17:15:01.540 == Class: LogDataAccess                 Method: InsertLog                               Routine: ERROR***       Message: []Invalid object name 'tblLog'.
V1|17:15:08.130 == Class: LogDataAccess                 Method: InsertLog                               Routine: ERROR***       Message: [ipsos@teste.com.br]Invalid object name 'tblLog'.
V1|17:17:25.076 == Class: LogDataAccess                 Method: InsertLog                               Routine: ERROR***       Message: [ipsos@teste.com.br]Invalid object name 'tblLog'.
