V1|14:32:50.998 == Class: LogDataAccess                 Method: InsertLog                               Routine: ERROR***       Message: []Invalid object name 'tblLog'.
V1|14:32:53.682 == Class: FiltrosDataAccess             Method: FiltroAtributos                         Routine: ERROR***       Message: []Invalid object name 'tblImagemTraducao'.
V1|14:32:54.292 == Class: LogDataAccess                 Method: InsertLog                               Routine: ERROR***       Message: [ipsos@teste.com.br]Invalid object name 'tblLog'.
V1|14:32:54.964 == Class: DashBoardNineDataAccess       Method: ImagemEvolutiva                         Routine: ERROR***       Message: [ipsos@teste.com.br]Invalid object name 'tblImagemTraducao'.
V1|14:32:55.123 == Class: DashBoardNineDataAccess       Method: ImagemEvolutiva                         Routine: ERROR***       Message: [ipsos@teste.com.br]Invalid object name 'tblImagemTraducao'.
V1|14:32:55.172 == Class: DashBoardNineDataAccess       Method: ImagemEvolutiva                         Routine: ERROR***       Message: [ipsos@teste.com.br]Invalid object name 'tblImagemTraducao'.
V1|14:32:55.246 == Class: DashBoardNineDataAccess       Method: ImagemEvolutiva                         Routine: ERROR***       Message: [ipsos@teste.com.br]Invalid object name 'tblImagemTraducao'.
V1|14:35:07.632 == Class: FiltrosDataAccess             Method: FiltroAtributos                         Routine: ERROR***       Message: []Invalid object name 'tblImagemTraducao'.
V1|14:35:08.350 == Class: DashBoardNineDataAccess       Method: ImagemEvolutiva                         Routine: ERROR***       Message: []Invalid object name 'tblImagemTraducao'.
V1|14:35:08.521 == Class: DashBoardNineDataAccess       Method: ImagemEvolutiva                         Routine: ERROR***       Message: []Invalid object name 'tblImagemTraducao'.
V1|14:35:08.554 == Class: DashBoardNineDataAccess       Method: ImagemEvolutiva                         Routine: ERROR***       Message: []Invalid object name 'tblImagemTraducao'.
V1|14:36:15.162 == Class: FiltrosDataAccess             Method: FiltroAtributos                         Routine: ERROR***       Message: []Invalid object name 'tblImagemTraducao'.
V1|14:36:15.836 == Class: LogDataAccess                 Method: InsertLog                               Routine: ERROR***       Message: []Invalid object name 'tblLog'.
V1|14:36:15.944 == Class: DashBoardNineDataAccess       Method: ImagemEvolutiva                         Routine: ERROR***       Message: []Invalid object name 'tblImagemTraducao'.
V1|14:36:16.089 == Class: DashBoardNineDataAccess       Method: ImagemEvolutiva                         Routine: ERROR***       Message: []Invalid object name 'tblImagemTraducao'.
V1|14:36:19.154 == Class: DashBoardNineDataAccess       Method: ImagemEvolutiva                         Routine: ERROR***       Message: []Invalid object name 'tblImagemTraducao'.
V1|14:36:19.909 == Class: DashBoardNineDataAccess       Method: ImagemEvolutivaLinhas                   Routine: ERROR***       Message: []Procedure or function sp_Dashboard_AdHoc_Bloco1 has too many arguments specified.
V1|14:36:19.933 == Class: DashBoardNineDataAccess       Method: ImagemEvolutiva                         Routine: ERROR***       Message: []Invalid object name 'tblImagemTraducao'.
V1|14:36:31.380 == Class: FiltrosDataAccess             Method: FiltroAtributos                         Routine: ERROR***       Message: []Invalid object name 'tblImagemTraducao'.
V1|14:36:47.195 == Class: DashBoardNineDataAccess       Method: ImagemEvolutiva                         Routine: ERROR***       Message: []Invalid object name 'tblImagemTraducao'.
V1|14:36:47.252 == Class: LogDataAccess                 Method: InsertLog                               Routine: ERROR***       Message: []Invalid object name 'tblLog'.
V1|14:36:51.313 == Class: DashBoardNineDataAccess       Method: ImagemEvolutiva                         Routine: ERROR***       Message: []Invalid object name 'tblImagemTraducao'.
V1|14:36:51.400 == Class: DashBoardNineDataAccess       Method: ImagemEvolutiva                         Routine: ERROR***       Message: []Invalid object name 'tblImagemTraducao'.
V1|14:37:22.971 == Class: DashBoardNineDataAccess       Method: ImagemEvolutiva                         Routine: ERROR***       Message: []Invalid object name 'tblImagemTraducao'.
V1|14:39:02.484 == Class: FiltrosDataAccess             Method: FiltroAtributos                         Routine: ERROR***       Message: []Invalid object name 'tblImagemTraducao'.
V1|14:39:06.724 == Class: LogDataAccess                 Method: InsertLog                               Routine: ERROR***       Message: []Invalid object name 'tblLog'.
V1|14:39:08.095 == Class: DashBoardNineDataAccess       Method: ImagemEvolutivaLinhas                   Routine: ERROR***       Message: []Procedure or function sp_Dashboard_AdHoc_Bloco1 has too many arguments specified.
V1|14:41:30.145 == Class: LogDataAccess                 Method: InsertLog                               Routine: ERROR***       Message: []Invalid object name 'tblLog'.
V1|14:41:30.867 == Class: DashBoardNineDataAccess       Method: ImagemEvolutivaLinhas                   Routine: ERROR***       Message: []Procedure or function sp_Dashboard_AdHoc_Bloco1 has too many arguments specified.
V1|14:42:21.302 == Class: LogDataAccess                 Method: InsertLog                               Routine: ERROR***       Message: []Invalid object name 'tblLog'.
V1|14:42:22.135 == Class: DashBoardNineDataAccess       Method: ImagemEvolutivaLinhas                   Routine: ERROR***       Message: []Procedure or function sp_Dashboard_AdHoc_Bloco1 has too many arguments specified.
V1|14:42:49.134 == Class: LogDataAccess                 Method: InsertLog                               Routine: ERROR***       Message: []Invalid object name 'tblLog'.
V1|14:42:49.775 == Class: DashBoardNineDataAccess       Method: ImagemEvolutivaLinhas                   Routine: ERROR***       Message: []Procedure or function sp_Dashboard_AdHoc_Bloco1 has too many arguments specified.
V1|14:43:29.114 == Class: LogDataAccess                 Method: InsertLog                               Routine: ERROR***       Message: []Invalid object name 'tblLog'.
V1|14:43:30.068 == Class: DashBoardNineDataAccess       Method: ImagemEvolutivaLinhas                   Routine: ERROR***       Message: []Procedure or function sp_Dashboard_AdHoc_Bloco1 has too many arguments specified.
V1|14:44:08.073 == Class: LogDataAccess                 Method: InsertLog                               Routine: ERROR***       Message: []Invalid object name 'tblLog'.
V1|14:44:08.815 == Class: DashBoardNineDataAccess       Method: ImagemEvolutivaLinhas                   Routine: ERROR***       Message: []Procedure or function sp_Dashboard_AdHoc_Bloco1 has too many arguments specified.
V1|14:45:15.110 == Class: LogDataAccess                 Method: InsertLog                               Routine: ERROR***       Message: []Invalid object name 'tblLog'.
V1|14:46:51.763 == Class: LogDataAccess                 Method: InsertLog                               Routine: ERROR***       Message: []Invalid object name 'tblLog'.
V1|14:51:39.049 == Class: DashBoardNineDataAccess       Method: ImagemEvolutivaLinhasNineExcel          Routine: ERROR***       Message: []Procedure or function sp_Dashboard_AdHoc_Bloco1 has too many arguments specified.
V1|14:54:35.720 == Class: LogDataAccess                 Method: InsertLog                               Routine: ERROR***       Message: []Invalid object name 'tblLog'.
V1|14:54:50.435 == Class: DashBoardNineDataAccess       Method: ImagemEvolutivaLinhasNineExcel          Routine: ERROR***       Message: []Procedure or function sp_Dashboard_AdHoc_Bloco1 has too many arguments specified.
V1|15:00:57.976 == Class: LogDataAccess                 Method: InsertLog                               Routine: ERROR***       Message: []Invalid object name 'tblLog'.
V1|15:01:33.158 == Class: LogDataAccess                 Method: InsertLog                               Routine: ERROR***       Message: []Invalid object name 'tblLog'.
V1|15:01:43.093 == Class: LogDataAccess                 Method: InsertLog                               Routine: ERROR***       Message: []Invalid object name 'tblLog'.
V1|15:02:09.089 == Class: LogDataAccess                 Method: InsertLog                               Routine: ERROR***       Message: []Invalid object name 'tblLog'.
V1|15:09:41.065 == Class: LogDataAccess                 Method: InsertLog                               Routine: ERROR***       Message: []Invalid object name 'tblLog'.
V1|15:10:13.704 == Class: LogDataAccess                 Method: InsertLog                               Routine: ERROR***       Message: []Invalid object name 'tblLog'.
V1|15:10:56.199 == Class: LogDataAccess                 Method: InsertLog                               Routine: ERROR***       Message: []Invalid object name 'tblLog'.
V1|15:11:03.523 == Class: LogDataAccess                 Method: InsertLog                               Routine: ERROR***       Message: []Invalid object name 'tblLog'.
V1|15:11:55.140 == Class: LogDataAccess                 Method: InsertLog                               Routine: ERROR***       Message: []Invalid object name 'tblLog'.
V1|15:12:45.079 == Class: LogDataAccess                 Method: InsertLog                               Routine: ERROR***       Message: []Invalid object name 'tblLog'.
V1|15:12:52.213 == Class: LogDataAccess                 Method: InsertLog                               Routine: ERROR***       Message: []Invalid object name 'tblLog'.
V1|15:13:38.856 == Class: LogDataAccess                 Method: InsertLog                               Routine: ERROR***       Message: []Invalid object name 'tblLog'.
V1|15:16:27.140 == Class: LogDataAccess                 Method: InsertLog                               Routine: ERROR***       Message: []Invalid object name 'tblLog'.
V1|15:17:02.681 == Class: LogDataAccess                 Method: InsertLog                               Routine: ERROR***       Message: []Invalid object name 'tblLog'.
V1|15:17:12.390 == Class: LogDataAccess                 Method: InsertLog                               Routine: ERROR***       Message: []Invalid object name 'tblLog'.
V1|15:18:02.292 == Class: LogDataAccess                 Method: InsertLog                               Routine: ERROR***       Message: []Invalid object name 'tblLog'.
V1|15:19:11.756 == Class: LogDataAccess                 Method: InsertLog                               Routine: ERROR***       Message: []Invalid object name 'tblLog'.
V1|15:20:03.288 == Class: LogDataAccess                 Method: InsertLog                               Routine: ERROR***       Message: []Invalid object name 'tblLog'.
V1|15:20:45.595 == Class: LogDataAccess                 Method: InsertLog                               Routine: ERROR***       Message: []Invalid object name 'tblLog'.
V1|15:23:06.719 == Class: LogDataAccess                 Method: InsertLog                               Routine: ERROR***       Message: []Invalid object name 'tblLog'.
V1|15:24:02.352 == Class: LogDataAccess                 Method: InsertLog                               Routine: ERROR***       Message: []Invalid object name 'tblLog'.
V1|15:26:39.729 == Class: LogDataAccess                 Method: InsertLog                               Routine: ERROR***       Message: []Invalid object name 'tblLog'.
V1|15:26:53.664 == Class: LogDataAccess                 Method: InsertLog                               Routine: ERROR***       Message: []Invalid object name 'tblLog'.
V1|15:27:10.101 == Class: LogDataAccess                 Method: InsertLog                               Routine: ERROR***       Message: []Invalid object name 'tblLog'.
V1|15:27:21.761 == Class: LogDataAccess                 Method: InsertLog                               Routine: ERROR***       Message: []Invalid object name 'tblLog'.
V1|15:28:43.244 == Class: LogDataAccess                 Method: InsertLog                               Routine: ERROR***       Message: []Invalid object name 'tblLog'.
V1|15:29:07.326 == Class: LogDataAccess                 Method: InsertLog                               Routine: ERROR***       Message: []Invalid object name 'tblLog'.
V1|15:29:42.849 == Class: LogDataAccess                 Method: InsertLog                               Routine: ERROR***       Message: []Invalid object name 'tblLog'.
V1|15:31:04.899 == Class: LogDataAccess                 Method: InsertLog                               Routine: ERROR***       Message: []Invalid object name 'tblLog'.
V1|15:40:12.281 == Class: LogDataAccess                 Method: InsertLog                               Routine: ERROR***       Message: []Invalid object name 'tblLog'.
V1|15:40:44.375 == Class: LogDataAccess                 Method: InsertLog                               Routine: ERROR***       Message: []Invalid object name 'tblLog'.
V1|15:41:15.211 == Class: LogDataAccess                 Method: InsertLog                               Routine: ERROR***       Message: []Invalid object name 'tblLog'.
V1|15:42:08.779 == Class: LogDataAccess                 Method: InsertLog                               Routine: ERROR***       Message: []Invalid object name 'tblLog'.
V1|15:42:09.356 == Class: DashBoardNineDataAccess       Method: ImagemEvolutivaLinhas2                  Routine: ERROR***       Message: []Could not find stored procedure 'Exec sp_Dashboard_AdHoc_Bloco3'.
V1|15:42:57.500 == Class: LogDataAccess                 Method: InsertLog                               Routine: ERROR***       Message: []Invalid object name 'tblLog'.
V1|15:42:57.847 == Class: DashBoardNineDataAccess       Method: ImagemEvolutivaLinhas2                  Routine: ERROR***       Message: []Could not find stored procedure 'Exec sp_Dashboard_AdHoc_Bloco3'.
V1|15:43:10.818 == Class: LogDataAccess                 Method: InsertLog                               Routine: ERROR***       Message: []Invalid object name 'tblLog'.
V1|15:44:10.974 == Class: LogDataAccess                 Method: InsertLog                               Routine: ERROR***       Message: []Invalid object name 'tblLog'.
V1|15:45:28.096 == Class: LogDataAccess                 Method: InsertLog                               Routine: ERROR***       Message: []Invalid object name 'tblLog'.
V1|15:47:05.664 == Class: LogDataAccess                 Method: InsertLog                               Routine: ERROR***       Message: []Invalid object name 'tblLog'.
V1|15:49:13.194 == Class: LogDataAccess                 Method: InsertLog                               Routine: ERROR***       Message: []Invalid object name 'tblLog'.
V1|15:50:02.927 == Class: LogDataAccess                 Method: InsertLog                               Routine: ERROR***       Message: []Invalid object name 'tblLog'.
V1|15:50:41.885 == Class: LogDataAccess                 Method: InsertLog                               Routine: ERROR***       Message: []Invalid object name 'tblLog'.
V1|15:51:53.940 == Class: LogDataAccess                 Method: InsertLog                               Routine: ERROR***       Message: []Invalid object name 'tblLog'.
V1|15:59:19.266 == Class: LogDataAccess                 Method: InsertLog                               Routine: ERROR***       Message: []Invalid object name 'tblLog'.
V1|16:00:46.722 == Class: LogDataAccess                 Method: InsertLog                               Routine: ERROR***       Message: []Invalid object name 'tblLog'.
V1|16:05:09.768 == Class: LogDataAccess                 Method: InsertLog                               Routine: ERROR***       Message: []Invalid object name 'tblLog'.
V1|17:24:14.305 == Class: LogDataAccess                 Method: InsertLog                               Routine: ERROR***       Message: []Invalid object name 'tblLog'.
V1|17:25:07.686 == Class: LogDataAccess                 Method: InsertLog                               Routine: ERROR***       Message: [ipsos@teste.com.br]Invalid object name 'tblLog'.
V1|17:25:58.709 == Class: LogDataAccess                 Method: InsertLog                               Routine: ERROR***       Message: [ipsos@teste.com.br]Invalid object name 'tblLog'.
V1|20:05:13.754 == Class: LogDataAccess                 Method: InsertLog                               Routine: ERROR***       Message: []Invalid object name 'tblLog'.
V1|20:06:04.689 == Class: LogDataAccess                 Method: InsertLog                               Routine: ERROR***       Message: [ipsos@teste.com.br]Invalid object name 'tblLog'.
V1|20:08:12.941 == Class: LogDataAccess                 Method: InsertLog                               Routine: ERROR***       Message: [ipsos@teste.com.br]Invalid object name 'tblLog'.
V1|20:09:17.465 == Class: LogDataAccess                 Method: InsertLog                               Routine: ERROR***       Message: [ipsos@teste.com.br]Invalid object name 'tblLog'.
V1|20:12:30.867 == Class: LogDataAccess                 Method: InsertLog                               Routine: ERROR***       Message: []Invalid object name 'tblLog'.
V1|20:12:38.349 == Class: LogDataAccess                 Method: InsertLog                               Routine: ERROR***       Message: [ipsos@teste.com.br]Invalid object name 'tblLog'.
V1|20:15:16.342 == Class: LogDataAccess                 Method: InsertLog                               Routine: ERROR***       Message: [ipsos@teste.com.br]Invalid object name 'tblLog'.
V1|20:15:53.907 == Class: LogDataAccess                 Method: InsertLog                               Routine: ERROR***       Message: [ipsos@teste.com.br]Invalid object name 'tblLog'.
V1|20:17:01.892 == Class: LogDataAccess                 Method: InsertLog                               Routine: ERROR***       Message: [ipsos@teste.com.br]Invalid object name 'tblLog'.
V1|20:20:33.489 == Class: LogDataAccess                 Method: InsertLog                               Routine: ERROR***       Message: [ipsos@teste.com.br]Invalid object name 'tblLog'.
V1|20:21:13.361 == Class: LogDataAccess                 Method: InsertLog                               Routine: ERROR***       Message: [ipsos@teste.com.br]Invalid object name 'tblLog'.
V1|20:22:43.168 == Class: LogDataAccess                 Method: InsertLog                               Routine: ERROR***       Message: [ipsos@teste.com.br]Invalid object name 'tblLog'.
V1|20:23:15.648 == Class: LogDataAccess                 Method: InsertLog                               Routine: ERROR***       Message: [ipsos@teste.com.br]Invalid object name 'tblLog'.
V1|20:23:17.258 == Class: LogDataAccess                 Method: InsertLog                               Routine: ERROR***       Message: [ipsos@teste.com.br]Invalid object name 'tblLog'.
V1|20:23:28.988 == Class: LogDataAccess                 Method: InsertLog                               Routine: ERROR***       Message: [ipsos@teste.com.br]Invalid object name 'tblLog'.
V1|20:32:21.400 == Class: LogDataAccess                 Method: InsertLog                               Routine: ERROR***       Message: []Invalid object name 'tblLog'.
V1|20:33:58.569 == Class: LogDataAccess                 Method: InsertLog                               Routine: ERROR***       Message: []Invalid object name 'tblLog'.
V1|20:34:53.528 == Class: LogDataAccess                 Method: InsertLog                               Routine: ERROR***       Message: []Invalid object name 'tblLog'.
V1|20:36:36.081 == Class: LogDataAccess                 Method: InsertLog                               Routine: ERROR***       Message: []Invalid object name 'tblLog'.
V1|20:36:48.274 == Class: LogDataAccess                 Method: InsertLog                               Routine: ERROR***       Message: []Invalid object name 'tblLog'.
V1|20:38:06.396 == Class: LogDataAccess                 Method: InsertLog                               Routine: ERROR***       Message: []Invalid object name 'tblLog'.
V1|20:39:55.929 == Class: LogDataAccess                 Method: InsertLog                               Routine: ERROR***       Message: []Invalid object name 'tblLog'.
V1|20:40:49.239 == Class: LogDataAccess                 Method: InsertLog                               Routine: ERROR***       Message: []Invalid object name 'tblLog'.
V1|20:41:23.371 == Class: LogDataAccess                 Method: InsertLog                               Routine: ERROR***       Message: []Invalid object name 'tblLog'.
V1|20:41:40.926 == Class: LogDataAccess                 Method: InsertLog                               Routine: ERROR***       Message: []Invalid object name 'tblLog'.
V1|20:42:03.811 == Class: LogDataAccess                 Method: InsertLog                               Routine: ERROR***       Message: []Invalid object name 'tblLog'.
V1|20:43:26.554 == Class: LogDataAccess                 Method: InsertLog                               Routine: ERROR***       Message: []Invalid object name 'tblLog'.
V1|20:44:44.068 == Class: LogDataAccess                 Method: InsertLog                               Routine: ERROR***       Message: []Invalid object name 'tblLog'.
V1|20:45:05.914 == Class: FiltrosDataAccess             Method: FiltroAtributos                         Routine: ERROR***       Message: []Invalid object name 'tblImagemTraducao'.
V1|20:45:06.011 == Class: LogDataAccess                 Method: InsertLog                               Routine: ERROR***       Message: []Invalid object name 'tblLog'.
V1|20:45:06.339 == Class: DashBoardFourDataAccess       Method: ComparativoMarcas                       Routine: ERROR***       Message: []Invalid object name 'tblImagemTraducao'.
V1|20:45:06.500 == Class: DashBoardFourDataAccess       Method: ImagemEvolutiva                         Routine: ERROR***       Message: []Invalid object name 'tblImagemTraducao'.
V1|20:45:06.701 == Class: DashBoardFourDataAccess       Method: ImagemEvolutiva                         Routine: ERROR***       Message: []Invalid object name 'tblImagemTraducao'.
V1|20:45:11.761 == Class: DashBoardFourDataAccess       Method: ImagemEvolutiva                         Routine: ERROR***       Message: []Invalid object name 'tblImagemTraducao'.
V1|20:45:28.220 == Class: FiltrosDataAccess             Method: FiltroAtributos                         Routine: ERROR***       Message: []Invalid object name 'tblImagemTraducao'.
V1|20:45:28.909 == Class: LogDataAccess                 Method: InsertLog                               Routine: ERROR***       Message: []Invalid object name 'tblLog'.
V1|20:45:28.966 == Class: DashBoardFourDataAccess       Method: ImagemEvolutiva                         Routine: ERROR***       Message: []Invalid object name 'tblImagemTraducao'.
V1|20:45:29.150 == Class: DashBoardFourDataAccess       Method: ComparativoMarcas                       Routine: ERROR***       Message: []Invalid object name 'tblImagemTraducao'.
V1|20:45:29.156 == Class: DashBoardFourDataAccess       Method: ImagemEvolutiva                         Routine: ERROR***       Message: []Invalid object name 'tblImagemTraducao'.
V1|20:45:37.393 == Class: DashBoardFourDataAccess       Method: ImagemEvolutiva                         Routine: ERROR***       Message: []Invalid object name 'tblImagemTraducao'.
V1|20:45:37.550 == Class: DashBoardFourDataAccess       Method: ImagemEvolutiva                         Routine: ERROR***       Message: []Invalid object name 'tblImagemTraducao'.
V1|20:45:37.596 == Class: DashBoardFourDataAccess       Method: ImagemEvolutiva                         Routine: ERROR***       Message: []Invalid object name 'tblImagemTraducao'.
V1|20:45:44.419 == Class: LogDataAccess                 Method: InsertLog                               Routine: ERROR***       Message: []Invalid object name 'tblLog'.
V1|20:45:48.424 == Class: LogDataAccess                 Method: InsertLog                               Routine: ERROR***       Message: []Invalid object name 'tblLog'.
V1|20:45:52.299 == Class: FiltrosDataAccess             Method: FiltroAtributos                         Routine: ERROR***       Message: []Invalid object name 'tblImagemTraducao'.
V1|20:45:52.396 == Class: LogDataAccess                 Method: InsertLog                               Routine: ERROR***       Message: []Invalid object name 'tblLog'.
V1|20:45:52.497 == Class: DashBoardFourDataAccess       Method: ImagemEvolutiva                         Routine: ERROR***       Message: []Invalid object name 'tblImagemTraducao'.
V1|20:45:52.594 == Class: DashBoardFourDataAccess       Method: ImagemEvolutiva                         Routine: ERROR***       Message: []Invalid object name 'tblImagemTraducao'.
V1|20:45:52.676 == Class: DashBoardFourDataAccess       Method: ComparativoMarcas                       Routine: ERROR***       Message: []Invalid object name 'tblImagemTraducao'.
V1|20:45:54.799 == Class: DashBoardFourDataAccess       Method: ImagemEvolutiva                         Routine: ERROR***       Message: []Invalid object name 'tblImagemTraducao'.
V1|20:45:54.854 == Class: DashBoardFourDataAccess       Method: ImagemEvolutiva                         Routine: ERROR***       Message: []Invalid object name 'tblImagemTraducao'.
V1|20:46:40.728 == Class: LogDataAccess                 Method: InsertLog                               Routine: ERROR***       Message: []Invalid object name 'tblLog'.
V1|20:46:48.542 == Class: FiltrosDataAccess             Method: FiltroAtributos                         Routine: ERROR***       Message: []Invalid object name 'tblImagemTraducao'.
V1|20:46:48.647 == Class: LogDataAccess                 Method: InsertLog                               Routine: ERROR***       Message: []Invalid object name 'tblLog'.
V1|20:46:48.730 == Class: DashBoardFourDataAccess       Method: ComparativoMarcas                       Routine: ERROR***       Message: []Invalid object name 'tblImagemTraducao'.
V1|20:46:48.816 == Class: DashBoardFourDataAccess       Method: ImagemEvolutiva                         Routine: ERROR***       Message: []Invalid object name 'tblImagemTraducao'.
V1|20:46:48.914 == Class: DashBoardFourDataAccess       Method: ImagemEvolutiva                         Routine: ERROR***       Message: []Invalid object name 'tblImagemTraducao'.
V1|20:46:49.085 == Class: DashBoardFourDataAccess       Method: ImagemEvolutiva                         Routine: ERROR***       Message: []Invalid object name 'tblImagemTraducao'.
V1|20:46:56.554 == Class: DashBoardFourDataAccess       Method: ImagemEvolutiva                         Routine: ERROR***       Message: []Invalid object name 'tblImagemTraducao'.
V1|20:47:43.919 == Class: LogDataAccess                 Method: InsertLog                               Routine: ERROR***       Message: []Invalid object name 'tblLog'.
V1|20:47:44.726 == Class: DashBoardFourDataAccess       Method: ImagemEvolutiva                         Routine: ERROR***       Message: []Invalid object name 'tblImagemTraducao'.
V1|20:47:44.752 == Class: DashBoardFourDataAccess       Method: ImagemEvolutiva                         Routine: ERROR***       Message: []Invalid object name 'tblImagemTraducao'.
V1|20:47:44.820 == Class: DashBoardFourDataAccess       Method: ImagemEvolutiva                         Routine: ERROR***       Message: []Invalid object name 'tblImagemTraducao'.
V1|20:48:03.707 == Class: DashBoardFourDataAccess       Method: ImagemEvolutiva                         Routine: ERROR***       Message: []Invalid object name 'tblImagemTraducao'.
V1|20:48:32.749 == Class: DashBoardFourDataAccess       Method: ComparativoMarcas                       Routine: ERROR***       Message: []Invalid object name 'tblImagemTraducao'.
V1|20:48:32.776 == Class: DashBoardFourDataAccess       Method: ImagemEvolutiva                         Routine: ERROR***       Message: []Invalid object name 'tblImagemTraducao'.
V1|20:48:32.839 == Class: DashBoardFourDataAccess       Method: ImagemEvolutivaLinhas                   Routine: ERROR***       Message: []Tempo Limite de Conexão Expirado. O tempo limite decorrido durante a tentativa de consumo da confirmação de handshake pré-logon. Isso ocorre porque houve falha no handshake pré-logon ou o servidor não pôde responder a tempo.  A duração da tentativa de conexão com este servidor foi: [Pre-Login] initialization=27118; handshake=0; 
V1|20:49:41.836 == Class: LogDataAccess                 Method: InsertLog                               Routine: ERROR***       Message: []Invalid object name 'tblLog'.
V1|20:49:43.761 == Class: DashBoardFourDataAccess       Method: ComparativoMarcas                       Routine: ERROR***       Message: []Invalid object name 'tblImagemTraducao'.
V1|20:50:00.328 == Class: DashBoardFourDataAccess       Method: ImagemEvolutiva                         Routine: ERROR***       Message: []Invalid object name 'tblImagemTraducao'.
V1|20:50:02.270 == Class: DashBoardFourDataAccess       Method: ImagemEvolutiva                         Routine: ERROR***       Message: []Invalid object name 'tblImagemTraducao'.
V1|20:50:39.232 == Class: DashBoardFourDataAccess       Method: ImagemEvolutiva                         Routine: ERROR***       Message: []Invalid object name 'tblImagemTraducao'.
V1|20:50:39.935 == Class: DashBoardFourDataAccess       Method: ImagemEvolutiva                         Routine: ERROR***       Message: []Invalid object name 'tblImagemTraducao'.
V1|20:50:40.415 == Class: DashBoardFourDataAccess       Method: ImagemEvolutiva                         Routine: ERROR***       Message: []Invalid object name 'tblImagemTraducao'.
V1|20:50:45.585 == Class: LogDataAccess                 Method: InsertLog                               Routine: ERROR***       Message: []Invalid object name 'tblLog'.
V1|20:52:36.014 == Class: FiltrosDataAccess             Method: FiltroAtributos                         Routine: ERROR***       Message: []Invalid object name 'tblImagemTraducao'.
V1|20:52:36.172 == Class: LogDataAccess                 Method: InsertLog                               Routine: ERROR***       Message: []Invalid object name 'tblLog'.
V1|20:52:36.252 == Class: DashBoardFourDataAccess       Method: ImagemEvolutiva                         Routine: ERROR***       Message: []Invalid object name 'tblImagemTraducao'.
V1|20:52:37.763 == Class: DashBoardFourDataAccess       Method: ImagemEvolutiva                         Routine: ERROR***       Message: []Invalid object name 'tblImagemTraducao'.
V1|20:52:37.791 == Class: DashBoardFourDataAccess       Method: ImagemEvolutiva                         Routine: ERROR***       Message: []Invalid object name 'tblImagemTraducao'.
V1|20:52:37.822 == Class: DashBoardFourDataAccess       Method: ImagemEvolutiva                         Routine: ERROR***       Message: []Invalid object name 'tblImagemTraducao'.
V1|20:52:37.994 == Class: DashBoardFourDataAccess       Method: ImagemEvolutiva                         Routine: ERROR***       Message: []Invalid object name 'tblImagemTraducao'.
V1|20:57:52.189 == Class: FiltrosDataAccess             Method: FiltroAtributos                         Routine: ERROR***       Message: []Invalid object name 'tblImagemTraducao'.
V1|20:57:53.760 == Class: LogDataAccess                 Method: InsertLog                               Routine: ERROR***       Message: []Invalid object name 'tblLog'.
V1|20:57:53.844 == Class: DashBoardFourDataAccess       Method: ImagemEvolutiva                         Routine: ERROR***       Message: []Invalid object name 'tblImagemTraducao'.
V1|20:57:53.919 == Class: DashBoardFourDataAccess       Method: ComparativoMarcas                       Routine: ERROR***       Message: []Invalid object name 'tblImagemTraducao'.
V1|20:57:53.970 == Class: DashBoardFourDataAccess       Method: ImagemEvolutiva                         Routine: ERROR***       Message: []Invalid object name 'tblImagemTraducao'.
V1|20:57:54.019 == Class: DashBoardFourDataAccess       Method: ImagemEvolutiva                         Routine: ERROR***       Message: []Invalid object name 'tblImagemTraducao'.
V1|20:57:58.765 == Class: DashBoardFourDataAccess       Method: ImagemEvolutiva                         Routine: ERROR***       Message: []Invalid object name 'tblImagemTraducao'.
V1|20:58:03.200 == Class: FiltrosDataAccess             Method: FiltroAtributos                         Routine: ERROR***       Message: []Invalid object name 'tblImagemTraducao'.
V1|20:58:03.300 == Class: LogDataAccess                 Method: InsertLog                               Routine: ERROR***       Message: []Invalid object name 'tblLog'.
V1|21:02:09.782 == Class: LogDataAccess                 Method: InsertLog                               Routine: ERROR***       Message: []Invalid object name 'tblLog'.
V1|21:03:28.744 == Class: LogDataAccess                 Method: InsertLog                               Routine: ERROR***       Message: []Invalid object name 'tblLog'.
V1|21:03:43.044 == Class: LogDataAccess                 Method: InsertLog                               Routine: ERROR***       Message: []Invalid object name 'tblLog'.
V1|21:04:09.479 == Class: LogDataAccess                 Method: InsertLog                               Routine: ERROR***       Message: []Invalid object name 'tblLog'.
V1|21:05:05.522 == Class: LogDataAccess                 Method: InsertLog                               Routine: ERROR***       Message: []Invalid object name 'tblLog'.
V1|21:06:36.968 == Class: LogDataAccess                 Method: InsertLog                               Routine: ERROR***       Message: []Invalid object name 'tblLog'.
V1|21:10:03.665 == Class: LogDataAccess                 Method: InsertLog                               Routine: ERROR***       Message: []Invalid object name 'tblLog'.
V1|21:10:09.928 == Class: LogDataAccess                 Method: InsertLog                               Routine: ERROR***       Message: []Invalid object name 'tblLog'.
V1|21:10:58.288 == Class: LogDataAccess                 Method: InsertLog                               Routine: ERROR***       Message: []Invalid object name 'tblLog'.
V1|21:11:24.141 == Class: LogDataAccess                 Method: InsertLog                               Routine: ERROR***       Message: []Invalid object name 'tblLog'.
V1|21:12:36.740 == Class: LogDataAccess                 Method: InsertLog                               Routine: ERROR***       Message: []Invalid object name 'tblLog'.
V1|21:12:59.395 == Class: LogDataAccess                 Method: InsertLog                               Routine: ERROR***       Message: []Invalid object name 'tblLog'.
V1|21:20:09.563 == Class: LogDataAccess                 Method: InsertLog                               Routine: ERROR***       Message: []Invalid object name 'tblLog'.
V1|21:20:24.246 == Class: LogDataAccess                 Method: InsertLog                               Routine: ERROR***       Message: []Invalid object name 'tblLog'.
V1|21:27:57.110 == Class: LogDataAccess                 Method: InsertLog                               Routine: ERROR***       Message: []Invalid object name 'tblLog'.
V1|21:28:00.615 == Class: DashBoardNineDataAccess       Method: TabelaAdHocAtributo                     Routine: ERROR***       Message: []Referência de objeto não definida para uma instância de um objeto.
V1|21:28:37.322 == Class: LogDataAccess                 Method: InsertLog                               Routine: ERROR***       Message: []Invalid object name 'tblLog'.
V1|21:28:39.762 == Class: DashBoardNineDataAccess       Method: TabelaAdHocAtributo                     Routine: ERROR***       Message: []Referência de objeto não definida para uma instância de um objeto.
V1|21:29:03.624 == Class: LogDataAccess                 Method: InsertLog                               Routine: ERROR***       Message: []Invalid object name 'tblLog'.
V1|21:30:05.020 == Class: LogDataAccess                 Method: InsertLog                               Routine: ERROR***       Message: []Invalid object name 'tblLog'.
V1|21:30:17.601 == Class: LogDataAccess                 Method: InsertLog                               Routine: ERROR***       Message: []Invalid object name 'tblLog'.
V1|21:31:50.184 == Class: LogDataAccess                 Method: InsertLog                               Routine: ERROR***       Message: []Invalid object name 'tblLog'.
V1|21:32:02.373 == Class: LogDataAccess                 Method: InsertLog                               Routine: ERROR***       Message: []Invalid object name 'tblLog'.
V1|21:35:06.293 == Class: LogDataAccess                 Method: InsertLog                               Routine: ERROR***       Message: []Invalid object name 'tblLog'.
V1|21:36:15.361 == Class: LogDataAccess                 Method: InsertLog                               Routine: ERROR***       Message: []Invalid object name 'tblLog'.
V1|21:36:47.093 == Class: LogDataAccess                 Method: InsertLog                               Routine: ERROR***       Message: []Invalid object name 'tblLog'.
V1|21:37:07.180 == Class: LogDataAccess                 Method: InsertLog                               Routine: ERROR***       Message: []Invalid object name 'tblLog'.
V1|21:37:57.935 == Class: LogDataAccess                 Method: InsertLog                               Routine: ERROR***       Message: []Invalid object name 'tblLog'.
V1|21:39:32.634 == Class: LogDataAccess                 Method: InsertLog                               Routine: ERROR***       Message: []Invalid object name 'tblLog'.
V1|21:40:43.841 == Class: LogDataAccess                 Method: InsertLog                               Routine: ERROR***       Message: []Invalid object name 'tblLog'.
V1|21:41:39.604 == Class: LogDataAccess                 Method: InsertLog                               Routine: ERROR***       Message: []Invalid object name 'tblLog'.
V1|21:42:11.331 == Class: LogDataAccess                 Method: InsertLog                               Routine: ERROR***       Message: []Invalid object name 'tblLog'.
V1|21:42:41.119 == Class: LogDataAccess                 Method: InsertLog                               Routine: ERROR***       Message: []Invalid object name 'tblLog'.
V1|21:44:58.750 == Class: LogDataAccess                 Method: InsertLog                               Routine: ERROR***       Message: []Invalid object name 'tblLog'.
V1|21:45:47.195 == Class: LogDataAccess                 Method: InsertLog                               Routine: ERROR***       Message: []Invalid object name 'tblLog'.
V1|21:46:41.571 == Class: LogDataAccess                 Method: InsertLog                               Routine: ERROR***       Message: []Invalid object name 'tblLog'.
V1|21:47:28.665 == Class: LogDataAccess                 Method: InsertLog                               Routine: ERROR***       Message: []Invalid object name 'tblLog'.
V1|21:47:43.881 == Class: LogDataAccess                 Method: InsertLog                               Routine: ERROR***       Message: []Invalid object name 'tblLog'.
V1|21:49:26.539 == Class: LogDataAccess                 Method: InsertLog                               Routine: ERROR***       Message: []Invalid object name 'tblLog'.
V1|21:58:11.985 == Class: LogDataAccess                 Method: InsertLog                               Routine: ERROR***       Message: []Invalid object name 'tblLog'.
V1|21:58:40.441 == Class: LogDataAccess                 Method: InsertLog                               Routine: ERROR***       Message: []Invalid object name 'tblLog'.
V1|22:18:19.324 == Class: LogDataAccess                 Method: InsertLog                               Routine: ERROR***       Message: []Invalid object name 'tblLog'.
V1|22:18:27.018 == Class: LogDataAccess                 Method: InsertLog                               Routine: ERROR***       Message: [ipsos@teste.com.br]Invalid object name 'tblLog'.
V1|22:23:01.006 == Class: LogDataAccess                 Method: InsertLog                               Routine: ERROR***       Message: []Invalid object name 'tblLog'.
V1|22:24:30.116 == Class: LogDataAccess                 Method: InsertLog                               Routine: ERROR***       Message: []Invalid object name 'tblLog'.
V1|22:32:27.762 == Class: LogDataAccess                 Method: InsertLog                               Routine: ERROR***       Message: []Invalid object name 'tblLog'.
