V1|11:25:14.137 == Class: DashBoardSixDataAccess        Method: CarregarGraficoBVCEvolutivo             Routine: ERROR***       Message: []Referência de objeto não definida para uma instância de um objeto.
V1|12:07:04.928 == Class: DashBoardSixDataAccess        Method: CarregarGraficoBVCEvolutivoExcel        Routine: ERROR***       Message: [ipsos@teste.com.br]Procedure or function 'sp_Dashboard_BVCEvolutivo' expects parameter '@ParamTipo', which was not supplied.
V1|12:08:19.275 == Class: DashBoardSixDataAccess        Method: CarregarGraficoBVCEvolutivoExcel        Routine: ERROR***       Message: [ipsos@teste.com.br]Procedure or function 'sp_Dashboard_BVCEvolutivo' expects parameter '@ParamTipo', which was not supplied.
V1|12:09:37.799 == Class: DashBoardSixDataAccess        Method: CarregarGraficoBVCEvolutivoExcel        Routine: ERROR***       Message: [ipsos@teste.com.br]Procedure or function 'sp_Dashboard_BVCEvolutivo' expects parameter '@ParamTipo', which was not supplied.
V1|12:11:09.821 == Class: DashBoardSixDataAccess        Method: CarregarGraficoBVCEvolutivoExcel        Routine: ERROR***       Message: []Procedure or function 'sp_Dashboard_BVCEvolutivo' expects parameter '@ParamTipo', which was not supplied.
V1|14:17:49.476 == Class: DashBoardSixDataAccess        Method: CarregarGraficoBVCEvolutivo             Routine: ERROR***       Message: [ipsos@teste.com.br]Procedure or function 'sp_Dashboard_BVCEvolutivo' expects parameter '@ParamOndaAtual', which was not supplied.
V1|14:18:11.522 == Class: DashBoardSixDataAccess        Method: CarregarGraficoComparativoMarcas        Routine: ERROR***       Message: [ipsos@teste.com.br]Tempo Limite de Conexão Expirado. O tempo limite decorrido durante a tentativa de consumo da confirmação de handshake pré-logon. Isso ocorre porque houve falha no handshake pré-logon ou o servidor não pôde responder a tempo.  A duração da tentativa de conexão com este servidor foi: [Pre-Login] initialization=6191; handshake=41; 
V1|14:18:11.611 == Class: DashBoardSixDataAccess        Method: CarregarGraficoComparativoMarcas        Routine: ERROR***       Message: [ipsos@teste.com.br]Tempo Limite de Conexão Expirado. O tempo limite decorrido durante a tentativa de consumo da confirmação de handshake pré-logon. Isso ocorre porque houve falha no handshake pré-logon ou o servidor não pôde responder a tempo.  A duração da tentativa de conexão com este servidor foi: [Pre-Login] initialization=6191; handshake=41; 
V1|14:18:11.640 == Class: DashBoardSixDataAccess        Method: CarregarGraficoComparativoMarcas        Routine: ERROR***       Message: [ipsos@teste.com.br]Tempo Limite de Conexão Expirado. O tempo limite decorrido durante a tentativa de consumo da confirmação de handshake pré-logon. Isso ocorre porque houve falha no handshake pré-logon ou o servidor não pôde responder a tempo.  A duração da tentativa de conexão com este servidor foi: [Pre-Login] initialization=6191; handshake=41; 
V1|14:18:17.914 == Class: DashBoardSixDataAccess        Method: CarregarGraficoBVCEvolutivo             Routine: ERROR***       Message: [ipsos@teste.com.br]Procedure or function 'sp_Dashboard_BVCEvolutivo' expects parameter '@ParamOndaAtual', which was not supplied.
V1|14:18:17.966 == Class: DashBoardSixDataAccess        Method: CarregarGraficoBVCEvolutivo             Routine: ERROR***       Message: [ipsos@teste.com.br]Procedure or function 'sp_Dashboard_BVCEvolutivo' expects parameter '@ParamOndaAtual', which was not supplied.
V1|14:18:18.029 == Class: DashBoardSixDataAccess        Method: CarregarGraficoBVCEvolutivo             Routine: ERROR***       Message: [ipsos@teste.com.br]Procedure or function 'sp_Dashboard_BVCEvolutivo' expects parameter '@ParamOndaAtual', which was not supplied.
V1|14:18:18.050 == Class: DashBoardSixDataAccess        Method: CarregarGraficoBVCEvolutivo             Routine: ERROR***       Message: [ipsos@teste.com.br]Procedure or function 'sp_Dashboard_BVCEvolutivo' expects parameter '@ParamOndaAtual', which was not supplied.
V1|14:27:09.733 == Class: DashBoardSixDataAccess        Method: CarregarGraficoBVCEvolutivo             Routine: ERROR***       Message: [ipsos@teste.com.br]Procedure or function 'sp_Dashboard_BVCEvolutivo' expects parameter '@ParamOndaAtual', which was not supplied.
V1|14:27:09.782 == Class: DashBoardSixDataAccess        Method: CarregarGraficoBVCEvolutivo             Routine: ERROR***       Message: [ipsos@teste.com.br]Procedure or function 'sp_Dashboard_BVCEvolutivo' expects parameter '@ParamOndaAtual', which was not supplied.
V1|14:27:09.836 == Class: DashBoardSixDataAccess        Method: CarregarGraficoBVCEvolutivo             Routine: ERROR***       Message: [ipsos@teste.com.br]Procedure or function 'sp_Dashboard_BVCEvolutivo' expects parameter '@ParamOndaAtual', which was not supplied.
V1|14:27:09.887 == Class: DashBoardSixDataAccess        Method: CarregarGraficoBVCEvolutivo             Routine: ERROR***       Message: [ipsos@teste.com.br]Procedure or function 'sp_Dashboard_BVCEvolutivo' expects parameter '@ParamOndaAtual', which was not supplied.
V1|14:27:54.325 == Class: DashBoardSixDataAccess        Method: CarregarGraficoBVCEvolutivo             Routine: ERROR***       Message: [ipsos@teste.com.br]Procedure or function 'sp_Dashboard_BVCEvolutivo' expects parameter '@ParamOndaAtual', which was not supplied.
V1|14:27:56.247 == Class: DashBoardSixDataAccess        Method: CarregarGraficoBVCEvolutivo             Routine: ERROR***       Message: [ipsos@teste.com.br]Procedure or function 'sp_Dashboard_BVCEvolutivo' expects parameter '@ParamOndaAtual', which was not supplied.
V1|14:29:16.432 == Class: DashBoardSixDataAccess        Method: CarregarGraficoBVCEvolutivo             Routine: ERROR***       Message: [ipsos@teste.com.br]Procedure or function 'sp_Dashboard_BVCEvolutivo' expects parameter '@ParamOndaAtual', which was not supplied.
V1|14:29:16.502 == Class: DashBoardSixDataAccess        Method: CarregarGraficoBVCEvolutivo             Routine: ERROR***       Message: [ipsos@teste.com.br]Procedure or function 'sp_Dashboard_BVCEvolutivo' expects parameter '@ParamOndaAtual', which was not supplied.
V1|14:29:17.948 == Class: DashBoardSixDataAccess        Method: CarregarGraficoBVCEvolutivo             Routine: ERROR***       Message: [ipsos@teste.com.br]Procedure or function 'sp_Dashboard_BVCEvolutivo' expects parameter '@ParamOndaAtual', which was not supplied.
V1|14:30:31.362 == Class: DashBoardSixDataAccess        Method: CarregarGraficoBVCEvolutivo             Routine: ERROR***       Message: [ipsos@teste.com.br]Procedure or function 'sp_Dashboard_BVCEvolutivo' expects parameter '@ParamOndaAtual', which was not supplied.
V1|14:30:31.409 == Class: DashBoardSixDataAccess        Method: CarregarGraficoBVCEvolutivo             Routine: ERROR***       Message: [ipsos@teste.com.br]Procedure or function 'sp_Dashboard_BVCEvolutivo' expects parameter '@ParamOndaAtual', which was not supplied.
V1|14:30:31.454 == Class: DashBoardSixDataAccess        Method: CarregarGraficoBVCEvolutivo             Routine: ERROR***       Message: [ipsos@teste.com.br]Procedure or function 'sp_Dashboard_BVCEvolutivo' expects parameter '@ParamOndaAtual', which was not supplied.
V1|14:30:31.502 == Class: DashBoardSixDataAccess        Method: CarregarGraficoBVCEvolutivo             Routine: ERROR***       Message: [ipsos@teste.com.br]Procedure or function 'sp_Dashboard_BVCEvolutivo' expects parameter '@ParamOndaAtual', which was not supplied.
V1|14:31:05.103 == Class: DashBoardSixDataAccess        Method: CarregarGraficoBVCEvolutivo             Routine: ERROR***       Message: [ipsos@teste.com.br]Procedure or function 'sp_Dashboard_BVCEvolutivo' expects parameter '@ParamOndaAtual', which was not supplied.
V1|14:31:05.184 == Class: DashBoardSixDataAccess        Method: CarregarGraficoBVCEvolutivo             Routine: ERROR***       Message: [ipsos@teste.com.br]Procedure or function 'sp_Dashboard_BVCEvolutivo' expects parameter '@ParamOndaAtual', which was not supplied.
V1|14:31:05.211 == Class: DashBoardSixDataAccess        Method: CarregarGraficoBVCEvolutivo             Routine: ERROR***       Message: [ipsos@teste.com.br]Procedure or function 'sp_Dashboard_BVCEvolutivo' expects parameter '@ParamOndaAtual', which was not supplied.
V1|14:31:05.260 == Class: DashBoardSixDataAccess        Method: CarregarGraficoBVCEvolutivo             Routine: ERROR***       Message: [ipsos@teste.com.br]Procedure or function 'sp_Dashboard_BVCEvolutivo' expects parameter '@ParamOndaAtual', which was not supplied.
V1|14:31:16.838 == Class: DashBoardSixDataAccess        Method: CarregarGraficoBVCEvolutivo             Routine: ERROR***       Message: [ipsos@teste.com.br]Procedure or function 'sp_Dashboard_BVCEvolutivo' expects parameter '@ParamOndaAtual', which was not supplied.
V1|14:31:16.980 == Class: DashBoardSixDataAccess        Method: CarregarGraficoBVCEvolutivo             Routine: ERROR***       Message: [ipsos@teste.com.br]Procedure or function 'sp_Dashboard_BVCEvolutivo' expects parameter '@ParamOndaAtual', which was not supplied.
V1|14:31:17.039 == Class: DashBoardSixDataAccess        Method: CarregarGraficoBVCEvolutivo             Routine: ERROR***       Message: [ipsos@teste.com.br]Procedure or function 'sp_Dashboard_BVCEvolutivo' expects parameter '@ParamOndaAtual', which was not supplied.
V1|14:34:33.178 == Class: DashBoardSixDataAccess        Method: CarregarGraficoBVCEvolutivo             Routine: ERROR***       Message: [ipsos@teste.com.br]Procedure or function 'sp_Dashboard_BVCEvolutivo' expects parameter '@ParamOndaAtual', which was not supplied.
V1|14:34:33.230 == Class: DashBoardSixDataAccess        Method: CarregarGraficoBVCEvolutivo             Routine: ERROR***       Message: [ipsos@teste.com.br]Procedure or function 'sp_Dashboard_BVCEvolutivo' expects parameter '@ParamOndaAtual', which was not supplied.
V1|14:34:33.295 == Class: DashBoardSixDataAccess        Method: CarregarGraficoBVCEvolutivo             Routine: ERROR***       Message: [ipsos@teste.com.br]Procedure or function 'sp_Dashboard_BVCEvolutivo' expects parameter '@ParamOndaAtual', which was not supplied.
V1|14:34:33.318 == Class: DashBoardSixDataAccess        Method: CarregarGraficoBVCEvolutivo             Routine: ERROR***       Message: [ipsos@teste.com.br]Procedure or function 'sp_Dashboard_BVCEvolutivo' expects parameter '@ParamOndaAtual', which was not supplied.
V1|14:35:18.011 == Class: DashBoardSixDataAccess        Method: CarregarGraficoBVCEvolutivo             Routine: ERROR***       Message: [ipsos@teste.com.br]Procedure or function 'sp_Dashboard_BVCEvolutivo' expects parameter '@ParamOndaAtual', which was not supplied.
V1|14:35:18.089 == Class: DashBoardSixDataAccess        Method: CarregarGraficoBVCEvolutivo             Routine: ERROR***       Message: [ipsos@teste.com.br]Procedure or function 'sp_Dashboard_BVCEvolutivo' expects parameter '@ParamOndaAtual', which was not supplied.
V1|14:35:18.135 == Class: DashBoardSixDataAccess        Method: CarregarGraficoBVCEvolutivo             Routine: ERROR***       Message: [ipsos@teste.com.br]Procedure or function 'sp_Dashboard_BVCEvolutivo' expects parameter '@ParamOndaAtual', which was not supplied.
V1|14:35:18.178 == Class: DashBoardSixDataAccess        Method: CarregarGraficoBVCEvolutivo             Routine: ERROR***       Message: [ipsos@teste.com.br]Procedure or function 'sp_Dashboard_BVCEvolutivo' expects parameter '@ParamOndaAtual', which was not supplied.
V1|14:37:35.253 == Class: DashBoardSixDataAccess        Method: CarregarGraficoBVCEvolutivo             Routine: ERROR***       Message: [ipsos@teste.com.br]Procedure or function 'sp_Dashboard_BVCEvolutivo' expects parameter '@ParamOndaAtual', which was not supplied.
V1|14:37:35.311 == Class: DashBoardSixDataAccess        Method: CarregarGraficoBVCEvolutivo             Routine: ERROR***       Message: [ipsos@teste.com.br]Procedure or function 'sp_Dashboard_BVCEvolutivo' expects parameter '@ParamOndaAtual', which was not supplied.
V1|14:37:35.357 == Class: DashBoardSixDataAccess        Method: CarregarGraficoBVCEvolutivo             Routine: ERROR***       Message: [ipsos@teste.com.br]Procedure or function 'sp_Dashboard_BVCEvolutivo' expects parameter '@ParamOndaAtual', which was not supplied.
V1|14:37:35.400 == Class: DashBoardSixDataAccess        Method: CarregarGraficoBVCEvolutivo             Routine: ERROR***       Message: [ipsos@teste.com.br]Procedure or function 'sp_Dashboard_BVCEvolutivo' expects parameter '@ParamOndaAtual', which was not supplied.
V1|14:40:32.494 == Class: DashBoardSixDataAccess        Method: CarregarGraficoBVCEvolutivo             Routine: ERROR***       Message: [ipsos@teste.com.br]Procedure or function 'sp_Dashboard_BVCEvolutivo' expects parameter '@ParamOndaAtual', which was not supplied.
V1|14:40:32.569 == Class: DashBoardSixDataAccess        Method: CarregarGraficoBVCEvolutivo             Routine: ERROR***       Message: [ipsos@teste.com.br]Procedure or function 'sp_Dashboard_BVCEvolutivo' expects parameter '@ParamOndaAtual', which was not supplied.
V1|14:40:32.608 == Class: DashBoardSixDataAccess        Method: CarregarGraficoBVCEvolutivo             Routine: ERROR***       Message: [ipsos@teste.com.br]Procedure or function 'sp_Dashboard_BVCEvolutivo' expects parameter '@ParamOndaAtual', which was not supplied.
V1|14:40:32.635 == Class: DashBoardSixDataAccess        Method: CarregarGraficoBVCEvolutivo             Routine: ERROR***       Message: [ipsos@teste.com.br]Procedure or function 'sp_Dashboard_BVCEvolutivo' expects parameter '@ParamOndaAtual', which was not supplied.
V1|14:40:48.107 == Class: DashBoardSixDataAccess        Method: CarregarGraficoBVCEvolutivo             Routine: ERROR***       Message: [ipsos@teste.com.br]Procedure or function 'sp_Dashboard_BVCEvolutivo' expects parameter '@ParamOndaAtual', which was not supplied.
V1|14:40:48.129 == Class: DashBoardSixDataAccess        Method: CarregarGraficoBVCEvolutivo             Routine: ERROR***       Message: [ipsos@teste.com.br]Procedure or function 'sp_Dashboard_BVCEvolutivo' expects parameter '@ParamOndaAtual', which was not supplied.
V1|14:40:48.173 == Class: DashBoardSixDataAccess        Method: CarregarGraficoBVCEvolutivo             Routine: ERROR***       Message: [ipsos@teste.com.br]Procedure or function 'sp_Dashboard_BVCEvolutivo' expects parameter '@ParamOndaAtual', which was not supplied.
V1|14:40:48.215 == Class: DashBoardSixDataAccess        Method: CarregarGraficoBVCEvolutivo             Routine: ERROR***       Message: [ipsos@teste.com.br]Procedure or function 'sp_Dashboard_BVCEvolutivo' expects parameter '@ParamOndaAtual', which was not supplied.
V1|14:40:54.593 == Class: DashBoardSixDataAccess        Method: CarregarGraficoBVCEvolutivo             Routine: ERROR***       Message: [ipsos@teste.com.br]Procedure or function 'sp_Dashboard_BVCEvolutivo' expects parameter '@ParamOndaAtual', which was not supplied.
V1|14:40:54.644 == Class: DashBoardSixDataAccess        Method: CarregarGraficoBVCEvolutivo             Routine: ERROR***       Message: [ipsos@teste.com.br]Procedure or function 'sp_Dashboard_BVCEvolutivo' expects parameter '@ParamOndaAtual', which was not supplied.
V1|14:40:54.687 == Class: DashBoardSixDataAccess        Method: CarregarGraficoBVCEvolutivo             Routine: ERROR***       Message: [ipsos@teste.com.br]Procedure or function 'sp_Dashboard_BVCEvolutivo' expects parameter '@ParamOndaAtual', which was not supplied.
V1|14:40:54.737 == Class: DashBoardSixDataAccess        Method: CarregarGraficoBVCEvolutivo             Routine: ERROR***       Message: [ipsos@teste.com.br]Procedure or function 'sp_Dashboard_BVCEvolutivo' expects parameter '@ParamOndaAtual', which was not supplied.
V1|14:41:54.686 == Class: DashBoardSixDataAccess        Method: CarregarGraficoBVCEvolutivo             Routine: ERROR***       Message: [ipsos@teste.com.br]Procedure or function 'sp_Dashboard_BVCEvolutivo' expects parameter '@ParamOndaAtual', which was not supplied.
V1|14:41:54.835 == Class: DashBoardSixDataAccess        Method: CarregarGraficoBVCEvolutivo             Routine: ERROR***       Message: [ipsos@teste.com.br]Procedure or function 'sp_Dashboard_BVCEvolutivo' expects parameter '@ParamOndaAtual', which was not supplied.
V1|14:41:58.183 == Class: DashBoardSixDataAccess        Method: CarregarGraficoBVCEvolutivo             Routine: ERROR***       Message: [ipsos@teste.com.br]Procedure or function 'sp_Dashboard_BVCEvolutivo' expects parameter '@ParamOndaAtual', which was not supplied.
V1|14:42:03.620 == Class: DashBoardSixDataAccess        Method: CarregarGraficoBVCEvolutivo             Routine: ERROR***       Message: [ipsos@teste.com.br]Procedure or function 'sp_Dashboard_BVCEvolutivo' expects parameter '@ParamOndaAtual', which was not supplied.
V1|14:42:03.676 == Class: DashBoardSixDataAccess        Method: CarregarGraficoBVCEvolutivo             Routine: ERROR***       Message: [ipsos@teste.com.br]Procedure or function 'sp_Dashboard_BVCEvolutivo' expects parameter '@ParamOndaAtual', which was not supplied.
V1|14:42:03.727 == Class: DashBoardSixDataAccess        Method: CarregarGraficoBVCEvolutivo             Routine: ERROR***       Message: [ipsos@teste.com.br]Procedure or function 'sp_Dashboard_BVCEvolutivo' expects parameter '@ParamOndaAtual', which was not supplied.
V1|14:42:03.774 == Class: DashBoardSixDataAccess        Method: CarregarGraficoBVCEvolutivo             Routine: ERROR***       Message: [ipsos@teste.com.br]Procedure or function 'sp_Dashboard_BVCEvolutivo' expects parameter '@ParamOndaAtual', which was not supplied.
V1|14:42:06.171 == Class: DashBoardSixDataAccess        Method: CarregarGraficoBVCEvolutivo             Routine: ERROR***       Message: [ipsos@teste.com.br]Procedure or function 'sp_Dashboard_BVCEvolutivo' expects parameter '@ParamOndaAtual', which was not supplied.
V1|14:42:06.250 == Class: DashBoardSixDataAccess        Method: CarregarGraficoBVCEvolutivo             Routine: ERROR***       Message: [ipsos@teste.com.br]Procedure or function 'sp_Dashboard_BVCEvolutivo' expects parameter '@ParamOndaAtual', which was not supplied.
V1|14:42:06.294 == Class: DashBoardSixDataAccess        Method: CarregarGraficoBVCEvolutivo             Routine: ERROR***       Message: [ipsos@teste.com.br]Procedure or function 'sp_Dashboard_BVCEvolutivo' expects parameter '@ParamOndaAtual', which was not supplied.
V1|14:42:06.319 == Class: DashBoardSixDataAccess        Method: CarregarGraficoBVCEvolutivo             Routine: ERROR***       Message: [ipsos@teste.com.br]Procedure or function 'sp_Dashboard_BVCEvolutivo' expects parameter '@ParamOndaAtual', which was not supplied.
V1|18:11:42.311 == Class: DashBoardSixDataAccess        Method: CarregarGraficoBVCEvolutivoExcel        Routine: ERROR***       Message: [ipsos@teste.com.br]Procedure or function 'sp_Dashboard_BVCEvolutivo' expects parameter '@ParamOndaAtual', which was not supplied.
