V1|22:22:45.484 == Class: LogDataAccess                 Method: InsertLog                               Routine: ERROR***       Message: []Invalid object name 'tblUser'.
V1|22:22:52.785 == Class: UsuarioDataAccess             Method: CarregarPopUpMsn                        Routine: ERROR***       Message: [ipsos@teste.com.br]Could not find stored procedure 'pr_Lista_PopUp'.
V1|22:22:53.563 == Class: LogDataAccess                 Method: ObtemUsuarioPorIdUser                   Routine: ERROR***       Message: [ipsos@teste.com.br]Invalid object name 'tblUser'.
V1|22:23:50.184 == Class: UsuarioDataAccess             Method: CarregarPopUpMsn                        Routine: ERROR***       Message: [ipsos@teste.com.br]Could not find stored procedure 'pr_Lista_PopUp'.
V1|22:23:52.059 == Class: LogDataAccess                 Method: ObtemUsuarioPorIdUser                   Routine: ERROR***       Message: [ipsos@teste.com.br]Invalid object name 'tblUser'.
V1|22:24:21.995 == Class: UsuarioDataAccess             Method: CarregarPopUpMsn                        Routine: ERROR***       Message: [ipsos@teste.com.br]Could not find stored procedure 'pr_Lista_PopUp'.
V1|22:24:22.090 == Class: LogDataAccess                 Method: InsertLog                               Routine: ERROR***       Message: [ipsos@teste.com.br]Invalid object name 'tblUser'.
V1|22:24:38.908 == Class: UsuarioDataAccess             Method: CarregarPopUpMsn                        Routine: ERROR***       Message: [ipsos@teste.com.br]Could not find stored procedure 'pr_Lista_PopUp'.
V1|22:24:39.302 == Class: LogDataAccess                 Method: ObtemUsuarioPorIdUser                   Routine: ERROR***       Message: [ipsos@teste.com.br]Invalid object name 'tblUser'.
V1|22:24:41.353 == Class: LogDataAccess                 Method: InsertLog                               Routine: ERROR***       Message: [ipsos@teste.com.br]Invalid object name 'tblUser'.
V1|22:24:41.544 == Class: DashBoardFourDataAccess       Method: ImagemEvolutiva                         Routine: ERROR***       Message: [ipsos@teste.com.br]Could not find stored procedure 'sp_Dashboard_Imagem2Periodos'.
V1|22:24:41.754 == Class: DashBoardFourDataAccess       Method: ComparativoMarcas                       Routine: ERROR***       Message: [ipsos@teste.com.br]Could not find stored procedure 'sp_Dashboard_ImagemMarcas'.
V1|22:24:41.830 == Class: DashBoardFourDataAccess       Method: ImagemEvolutiva                         Routine: ERROR***       Message: [ipsos@teste.com.br]Could not find stored procedure 'sp_Dashboard_Imagem2Periodos'.
V1|22:24:41.904 == Class: DashBoardFourDataAccess       Method: ImagemEvolutiva                         Routine: ERROR***       Message: [ipsos@teste.com.br]Could not find stored procedure 'sp_Dashboard_Imagem2Periodos'.
V1|22:24:43.295 == Class: DashBoardFourDataAccess       Method: ImagemEvolutiva                         Routine: ERROR***       Message: [ipsos@teste.com.br]Could not find stored procedure 'sp_Dashboard_Imagem2Periodos'.
V1|22:24:43.441 == Class: DashBoardFourDataAccess       Method: ImagemEvolutiva                         Routine: ERROR***       Message: [ipsos@teste.com.br]Could not find stored procedure 'sp_Dashboard_Imagem2Periodos'.
V1|22:24:43.492 == Class: DashBoardFourDataAccess       Method: ImagemEvolutivaLinhas                   Routine: ERROR***       Message: [ipsos@teste.com.br]Could not find stored procedure 'sp_Dashboard_ImagemEvolutivo'.
V1|22:27:32.437 == Class: UsuarioDataAccess             Method: CarregarPopUpMsn                        Routine: ERROR***       Message: []Could not find stored procedure 'pr_Lista_PopUp'.
V1|22:27:33.236 == Class: LogDataAccess                 Method: ObtemUsuarioPorIdUser                   Routine: ERROR***       Message: []Invalid object name 'tblUser'.
V1|22:27:33.269 == Class: LogDataAccess                 Method: InsertLog                               Routine: ERROR***       Message: []Invalid object name 'tblUser'.
V1|22:27:51.283 == Class: LogDataAccess                 Method: ObtemUsuarioPorIdUser                   Routine: ERROR***       Message: []Invalid object name 'tblUser'.
V1|22:28:07.442 == Class: LogDataAccess                 Method: ObtemUsuarioPorIdUser                   Routine: ERROR***       Message: []Invalid object name 'tblUser'.
V1|22:28:23.904 == Class: LogDataAccess                 Method: ObtemUsuarioPorIdUser                   Routine: ERROR***       Message: []Invalid object name 'tblUser'.
