V1|14:13:11.976 == Class: TraducaoDataAccess            Method: ObterTraducao                           Routine: ERROR***       Message: []Tempo limite expirado. O período de tempo limite foi atingido antes que fosse obtida uma conexão do pool. Isso pode ter ocorrido porque todas as conexões do pool estavam em uso e o tamanho máximo do pool foi atingido.
V1|14:13:12.873 == Class: TraducaoDataAccess            Method: ObterTraducao                           Routine: ERROR***       Message: []Erro de rede ou específico à instância ao estabelecer conexão com o SQL Server. O servidor não foi encontrado ou não estava acessível. Verifique se o nome da instância está correto e se o SQL Server está configurado para permitir conexões remotas. (provider: Named Pipes Provider, error: 40 - Não foi possível abrir uma conexão com o SQL Server)
V1|14:13:38.117 == Class: LogDataAccess                 Method: InsertLog                               Routine: ERROR***       Message: []Invalid object name 'tblLog'.
V1|14:13:48.140 == Class: LogDataAccess                 Method: InsertLog                               Routine: ERROR***       Message: [ipsos@teste.com.br]Invalid object name 'tblLog'.
V1|14:16:54.482 == Class: LogDataAccess                 Method: InsertLog                               Routine: ERROR***       Message: [ipsos@teste.com.br]Invalid object name 'tblLog'.
V1|14:19:49.916 == Class: LogDataAccess                 Method: InsertLog                               Routine: ERROR***       Message: [ipsos@teste.com.br]Invalid object name 'tblLog'.
V1|14:20:01.083 == Class: LogDataAccess                 Method: InsertLog                               Routine: ERROR***       Message: [ipsos@teste.com.br]Invalid object name 'tblLog'.
V1|14:20:20.726 == Class: DashBoardNineDataAccess       Method: ImagemEvolutiva                         Routine: ERROR***       Message: [ipsos@teste.com.br]Referência de objeto não definida para uma instância de um objeto.
V1|14:20:20.774 == Class: DashBoardNineDataAccess       Method: ImagemEvolutiva                         Routine: ERROR***       Message: [ipsos@teste.com.br]Referência de objeto não definida para uma instância de um objeto.
V1|14:20:21.504 == Class: DashBoardNineDataAccess       Method: ImagemEvolutiva                         Routine: ERROR***       Message: [ipsos@teste.com.br]Referência de objeto não definida para uma instância de um objeto.
V1|14:20:22.143 == Class: DashBoardNineDataAccess       Method: ImagemEvolutiva                         Routine: ERROR***       Message: [ipsos@teste.com.br]Referência de objeto não definida para uma instância de um objeto.
V1|14:20:22.302 == Class: LogDataAccess                 Method: InsertLog                               Routine: ERROR***       Message: [ipsos@teste.com.br]Invalid object name 'tblLog'.
V1|14:23:59.423 == Class: LogDataAccess                 Method: InsertLog                               Routine: ERROR***       Message: []Invalid object name 'tblLog'.
V1|14:24:26.494 == Class: DashBoardNineDataAccess       Method: ImagemEvolutiva                         Routine: ERROR***       Message: []Referência de objeto não definida para uma instância de um objeto.
V1|14:24:26.623 == Class: DashBoardNineDataAccess       Method: ImagemEvolutiva                         Routine: ERROR***       Message: []Tempo Limite de Conexão Expirado. O tempo limite decorrido durante a tentativa de consumo da confirmação de handshake pré-logon. Isso ocorre porque houve falha no handshake pré-logon ou o servidor não pôde responder a tempo.  A duração da tentativa de conexão com este servidor foi: [Pre-Login] initialization=15890; handshake=0; 
V1|14:24:26.750 == Class: DashBoardNineDataAccess       Method: ImagemEvolutivaLinhas                   Routine: ERROR***       Message: []Tempo Limite de Conexão Expirado. O tempo limite decorrido durante a tentativa de consumo da confirmação de handshake pré-logon. Isso ocorre porque houve falha no handshake pré-logon ou o servidor não pôde responder a tempo.  A duração da tentativa de conexão com este servidor foi: [Pre-Login] initialization=15892; handshake=0; 
V1|14:24:28.890 == Class: DashBoardNineDataAccess       Method: ImagemEvolutiva                         Routine: ERROR***       Message: []Referência de objeto não definida para uma instância de um objeto.
V1|14:24:40.246 == Class: DashBoardNineDataAccess       Method: ImagemEvolutiva                         Routine: ERROR***       Message: []Referência de objeto não definida para uma instância de um objeto.
V1|14:24:40.351 == Class: LogDataAccess                 Method: InsertLog                               Routine: ERROR***       Message: []Invalid object name 'tblLog'.
V1|14:25:04.593 == Class: DashBoardNineDataAccess       Method: ImagemEvolutiva                         Routine: ERROR***       Message: []Referência de objeto não definida para uma instância de um objeto.
V1|14:25:05.647 == Class: DashBoardNineDataAccess       Method: ImagemEvolutiva                         Routine: ERROR***       Message: []Referência de objeto não definida para uma instância de um objeto.
V1|14:25:05.696 == Class: DashBoardNineDataAccess       Method: ImagemEvolutiva                         Routine: ERROR***       Message: []Referência de objeto não definida para uma instância de um objeto.
V1|14:25:06.160 == Class: DashBoardNineDataAccess       Method: ImagemEvolutiva                         Routine: ERROR***       Message: []Referência de objeto não definida para uma instância de um objeto.
V1|14:25:06.246 == Class: LogDataAccess                 Method: InsertLog                               Routine: ERROR***       Message: []Invalid object name 'tblLog'.
