V1|00:31:40.141 == Class: DashBoardTwoDataAccess        Method: CarregarGraficoEvolutivoMarcasExcel     Routine: ERROR***       Message: []Procedure or function 'sp_Dashboard_Awareness' expects parameter '@ParamSequencia', which was not supplied.
V1|18:34:39.598 == Class: DashBoardFourDataAccess       Method: ImagemEvolutiva                         Routine: ERROR***       Message: [ipsos@teste.com.br]Referência de objeto não definida para uma instância de um objeto.
V1|18:34:39.620 == Class: DashBoardFourDataAccess       Method: ImagemEvolutiva                         Routine: ERROR***       Message: [ipsos@teste.com.br]Referência de objeto não definida para uma instância de um objeto.
V1|18:34:40.338 == Class: DashBoardFourDataAccess       Method: ImagemEvolutiva                         Routine: ERROR***       Message: [ipsos@teste.com.br]Referência de objeto não definida para uma instância de um objeto.
V1|18:34:41.016 == Class: DashBoardFourDataAccess       Method: ImagemEvolutivaLinhas                   Routine: ERROR***       Message: [ipsos@teste.com.br]Referência de objeto não definida para uma instância de um objeto.
V1|18:36:07.302 == Class: DashBoardFourDataAccess       Method: ImagemEvolutiva                         Routine: ERROR***       Message: [ipsos@teste.com.br]Referência de objeto não definida para uma instância de um objeto.
V1|18:36:09.453 == Class: DashBoardFourDataAccess       Method: ImagemEvolutiva                         Routine: ERROR***       Message: [ipsos@teste.com.br]Referência de objeto não definida para uma instância de um objeto.
V1|18:36:10.004 == Class: DashBoardFourDataAccess       Method: ImagemEvolutiva                         Routine: ERROR***       Message: [ipsos@teste.com.br]Referência de objeto não definida para uma instância de um objeto.
V1|18:36:11.322 == Class: DashBoardFourDataAccess       Method: ImagemEvolutiva                         Routine: ERROR***       Message: [ipsos@teste.com.br]Referência de objeto não definida para uma instância de um objeto.
V1|18:36:12.159 == Class: DashBoardFourDataAccess       Method: ImagemEvolutivaLinhas                   Routine: ERROR***       Message: [ipsos@teste.com.br]Referência de objeto não definida para uma instância de um objeto.
V1|18:36:50.542 == Class: DashBoardFourDataAccess       Method: ImagemEvolutiva                         Routine: ERROR***       Message: [ipsos@teste.com.br]Referência de objeto não definida para uma instância de um objeto.
V1|18:36:50.566 == Class: DashBoardFourDataAccess       Method: ImagemEvolutiva                         Routine: ERROR***       Message: [ipsos@teste.com.br]Referência de objeto não definida para uma instância de um objeto.
V1|18:36:51.599 == Class: DashBoardFourDataAccess       Method: ImagemEvolutiva                         Routine: ERROR***       Message: [ipsos@teste.com.br]Referência de objeto não definida para uma instância de um objeto.
V1|18:39:24.692 == Class: DashBoardFourDataAccess       Method: ComparativoMarcas                       Routine: ERROR***       Message: []Conversion failed when converting the varchar value '1;2;3;4;5;6;7;8;9;10' to data type int.
V1|18:39:24.750 == Class: DashBoardFourDataAccess       Method: ComparativoMarcas                       Routine: ERROR***       Message: []Conversion failed when converting the varchar value '1;2;3;4;5;6;7;8;9;10' to data type int.
V1|18:39:57.745 == Class: DashBoardFourDataAccess       Method: ComparativoMarcas                       Routine: ERROR***       Message: []Conversion failed when converting the varchar value '1;2;3;4;5;6;7;8;9;10' to data type int.
V1|18:39:57.859 == Class: DashBoardFourDataAccess       Method: ComparativoMarcas                       Routine: ERROR***       Message: []Conversion failed when converting the varchar value '1;2;3;4;5;6;7;8;9;10' to data type int.
V1|18:41:34.094 == Class: DashBoardFourDataAccess       Method: ComparativoMarcas                       Routine: ERROR***       Message: []Conversion failed when converting the varchar value '1;2;3;4;5;6;7;8;9;10' to data type int.
V1|18:41:34.187 == Class: DashBoardFourDataAccess       Method: ComparativoMarcas                       Routine: ERROR***       Message: []Conversion failed when converting the varchar value '1;2;3;4;5;6;7;8;9;10' to data type int.
V1|18:41:38.185 == Class: DashBoardFourDataAccess       Method: ComparativoMarcas                       Routine: ERROR***       Message: []Conversion failed when converting the varchar value '1;2;3;4;5;6;7;8;9;10' to data type int.
V1|18:41:38.325 == Class: DashBoardFourDataAccess       Method: ComparativoMarcas                       Routine: ERROR***       Message: []Conversion failed when converting the varchar value '1;2;3;4;5;6;7;8;9;10' to data type int.
V1|20:48:09.599 == Class: DashBoardFourDataAccess       Method: ImagemEvolutiva                         Routine: ERROR***       Message: []Referência de objeto não definida para uma instância de um objeto.
V1|20:48:11.682 == Class: DashBoardFourDataAccess       Method: ImagemEvolutiva                         Routine: ERROR***       Message: []Referência de objeto não definida para uma instância de um objeto.
V1|20:50:01.686 == Class: DashBoardFourDataAccess       Method: ImagemEvolutiva                         Routine: ERROR***       Message: []Referência de objeto não definida para uma instância de um objeto.
V1|20:50:02.820 == Class: DashBoardFourDataAccess       Method: ImagemEvolutiva                         Routine: ERROR***       Message: []Referência de objeto não definida para uma instância de um objeto.
V1|22:56:36.402 == Class: DashBoardFourDataAccess       Method: ImagemEvolutivaLinhas                   Routine: ERROR***       Message: []Procedure or function 'sp_Dashboard_ImagemEvolutivo' expects parameter '@ParamAtributo', which was not supplied.
V1|22:56:36.502 == Class: DashBoardFourDataAccess       Method: ImagemEvolutivaLinhas                   Routine: ERROR***       Message: []Procedure or function 'sp_Dashboard_ImagemEvolutivo' expects parameter '@ParamAtributo', which was not supplied.
V1|22:57:14.970 == Class: DashBoardFourDataAccess       Method: ImagemEvolutivaLinhas                   Routine: ERROR***       Message: []Procedure or function 'sp_Dashboard_ImagemEvolutivo' expects parameter '@ParamAtributo', which was not supplied.
V1|22:57:15.024 == Class: DashBoardFourDataAccess       Method: ImagemEvolutivaLinhas                   Routine: ERROR***       Message: []Procedure or function 'sp_Dashboard_ImagemEvolutivo' expects parameter '@ParamAtributo', which was not supplied.
V1|22:57:47.014 == Class: DashBoardFourDataAccess       Method: ImagemEvolutivaLinhas                   Routine: ERROR***       Message: []Procedure or function 'sp_Dashboard_ImagemEvolutivo' expects parameter '@ParamAtributo', which was not supplied.
V1|22:57:47.090 == Class: DashBoardFourDataAccess       Method: ImagemEvolutivaLinhas                   Routine: ERROR***       Message: []Procedure or function 'sp_Dashboard_ImagemEvolutivo' expects parameter '@ParamAtributo', which was not supplied.
