V1|15:08:23.990 == Class: UsuarioDataAccess             Method: CarregarPopUpMsn                        Routine: ERROR***       Message: []Could not find stored procedure 'pr_Lista_PopUp'.
V1|15:08:29.247 == Class: LogDataAccess                 Method: ObtemUsuarioPorIdUser                   Routine: ERROR***       Message: []Invalid object name 'tblUser'.
V1|15:08:37.119 == Class: UsuarioDataAccess             Method: CarregarPopUpMsn                        Routine: ERROR***       Message: [ipsos@teste.com.br]Could not find stored procedure 'pr_Lista_PopUp'.
V1|15:08:37.985 == Class: LogDataAccess                 Method: ObtemUsuarioPorIdUser                   Routine: ERROR***       Message: [ipsos@teste.com.br]Invalid object name 'tblUser'.
V1|15:08:38.083 == Class: LogDataAccess                 Method: InsertLog                               Routine: ERROR***       Message: [ipsos@teste.com.br]Invalid object name 'tblUser'.
V1|15:08:45.365 == Class: UsuarioDataAccess             Method: CarregarPopUpMsn                        Routine: ERROR***       Message: [ipsos@teste.com.br]Could not find stored procedure 'pr_Lista_PopUp'.
V1|15:08:46.287 == Class: LogDataAccess                 Method: ObtemUsuarioPorIdUser                   Routine: ERROR***       Message: [ipsos@teste.com.br]Invalid object name 'tblUser'.
V1|15:08:46.310 == Class: LogDataAccess                 Method: InsertLog                               Routine: ERROR***       Message: [ipsos@teste.com.br]Invalid object name 'tblUser'.
V1|15:08:48.660 == Class: UsuarioDataAccess             Method: CarregarPopUpMsn                        Routine: ERROR***       Message: [ipsos@teste.com.br]Could not find stored procedure 'pr_Lista_PopUp'.
V1|15:08:48.784 == Class: LogDataAccess                 Method: ObtemUsuarioPorIdUser                   Routine: ERROR***       Message: [ipsos@teste.com.br]Invalid object name 'tblUser'.
V1|15:09:03.582 == Class: UsuarioDataAccess             Method: CarregarPopUpMsn                        Routine: ERROR***       Message: [ipsos@teste.com.br]Could not find stored procedure 'pr_Lista_PopUp'.
V1|15:09:03.888 == Class: LogDataAccess                 Method: ObtemUsuarioPorIdUser                   Routine: ERROR***       Message: [ipsos@teste.com.br]Invalid object name 'tblUser'.
V1|15:09:07.571 == Class: DashBoardFourDataAccess       Method: ComparativoMarcas                       Routine: ERROR***       Message: [ipsos@teste.com.br]Conversion failed when converting the varchar value '1,2,3,4' to data type int.
V1|15:09:08.270 == Class: DashBoardFourDataAccess       Method: ImagemEvolutivaLinhas                   Routine: ERROR***       Message: [ipsos@teste.com.br]Conversion failed when converting the varchar value '1,2,3,4' to data type int.
V1|15:10:16.156 == Class: LogDataAccess                 Method: ObtemUsuarioPorIdUser                   Routine: ERROR***       Message: [ipsos@teste.com.br]Invalid object name 'tblUser'.
V1|15:10:35.252 == Class: DashBoardFourDataAccess       Method: ComparativoMarcas                       Routine: ERROR***       Message: [ipsos@teste.com.br]Conversion failed when converting the varchar value '1,2,3,4' to data type int.
V1|15:10:36.077 == Class: DashBoardFourDataAccess       Method: ImagemEvolutivaLinhas                   Routine: ERROR***       Message: [ipsos@teste.com.br]Conversion failed when converting the varchar value '1,2,3,4' to data type int.
V1|15:13:16.798 == Class: LogDataAccess                 Method: ObtemUsuarioPorIdUser                   Routine: ERROR***       Message: [ipsos@teste.com.br]Invalid object name 'tblUser'.
V1|15:14:14.935 == Class: DashBoardFourDataAccess       Method: ComparativoMarcas                       Routine: ERROR***       Message: [ipsos@teste.com.br]Conversion failed when converting the varchar value '1,2,3,4' to data type int.
V1|15:14:15.445 == Class: DashBoardFourDataAccess       Method: ImagemEvolutivaLinhas                   Routine: ERROR***       Message: [ipsos@teste.com.br]Conversion failed when converting the varchar value '1,2,3,4' to data type int.
V1|15:16:10.911 == Class: UsuarioDataAccess             Method: CarregarPopUpMsn                        Routine: ERROR***       Message: [ipsos@teste.com.br]Could not find stored procedure 'pr_Lista_PopUp'.
V1|15:16:12.135 == Class: LogDataAccess                 Method: ObtemUsuarioPorIdUser                   Routine: ERROR***       Message: [ipsos@teste.com.br]Invalid object name 'tblUser'.
V1|15:16:46.779 == Class: DashBoardFourDataAccess       Method: ImagemEvolutiva                         Routine: ERROR***       Message: [ipsos@teste.com.br]Tempo Limite de Conexão Expirado. O tempo limite decorrido durante a tentativa de consumo da confirmação de handshake pré-logon. Isso ocorre porque houve falha no handshake pré-logon ou o servidor não pôde responder a tempo.  A duração da tentativa de conexão com este servidor foi: [Pre-Login] initialization=17157; handshake=0; 
V1|15:16:49.247 == Class: DashBoardFourDataAccess       Method: ImagemEvolutivaLinhas                   Routine: ERROR***       Message: [ipsos@teste.com.br]Conversion failed when converting the varchar value '1,2,3,4' to data type int.
V1|15:16:49.565 == Class: DashBoardFourDataAccess       Method: ComparativoMarcas                       Routine: ERROR***       Message: [ipsos@teste.com.br]Conversion failed when converting the varchar value '1,2,3,4' to data type int.
V1|15:18:30.562 == Class: LogDataAccess                 Method: ObtemUsuarioPorIdUser                   Routine: ERROR***       Message: [ipsos@teste.com.br]Invalid object name 'tblUser'.
V1|15:18:30.605 == Class: LogDataAccess                 Method: InsertLog                               Routine: ERROR***       Message: [ipsos@teste.com.br]Invalid object name 'tblUser'.
V1|15:18:55.831 == Class: DashBoardFourDataAccess       Method: ImagemEvolutiva                         Routine: ERROR***       Message: [ipsos@teste.com.br]Tempo Limite de Conexão Expirado. O tempo limite decorrido durante a tentativa de consumo da confirmação de handshake pré-logon. Isso ocorre porque houve falha no handshake pré-logon ou o servidor não pôde responder a tempo.  A duração da tentativa de conexão com este servidor foi: [Pre-Login] initialization=20469; handshake=0; 
V1|15:18:56.526 == Class: DashBoardFourDataAccess       Method: ImagemEvolutiva                         Routine: ERROR***       Message: [ipsos@teste.com.br]Tempo Limite de Conexão Expirado. O tempo limite decorrido durante a tentativa de consumo da confirmação de handshake pré-logon. Isso ocorre porque houve falha no handshake pré-logon ou o servidor não pôde responder a tempo.  A duração da tentativa de conexão com este servidor foi: [Pre-Login] initialization=20466; handshake=0; 
V1|15:18:59.150 == Class: DashBoardFourDataAccess       Method: ImagemEvolutivaLinhas                   Routine: ERROR***       Message: [ipsos@teste.com.br]Conversion failed when converting the varchar value '1,2,3,4' to data type int.
V1|15:19:39.546 == Class: DashBoardFourDataAccess       Method: ComparativoMarcas                       Routine: ERROR***       Message: [ipsos@teste.com.br]Conversion failed when converting the varchar value '1,2,3,4' to data type int.
V1|16:08:48.159 == Class: LogDataAccess                 Method: ObtemUsuarioPorIdUser                   Routine: ERROR***       Message: []Invalid object name 'tblUser'.
V1|16:08:55.904 == Class: UsuarioDataAccess             Method: CarregarPopUpMsn                        Routine: ERROR***       Message: [ipsos@teste.com.br]Could not find stored procedure 'pr_Lista_PopUp'.
V1|16:08:56.894 == Class: LogDataAccess                 Method: ObtemUsuarioPorIdUser                   Routine: ERROR***       Message: [ipsos@teste.com.br]Invalid object name 'tblUser'.
V1|16:08:56.923 == Class: LogDataAccess                 Method: InsertLog                               Routine: ERROR***       Message: [ipsos@teste.com.br]Invalid object name 'tblUser'.
V1|16:09:02.660 == Class: UsuarioDataAccess             Method: CarregarPopUpMsn                        Routine: ERROR***       Message: [ipsos@teste.com.br]Could not find stored procedure 'pr_Lista_PopUp'.
V1|16:09:03.004 == Class: LogDataAccess                 Method: ObtemUsuarioPorIdUser                   Routine: ERROR***       Message: [ipsos@teste.com.br]Invalid object name 'tblUser'.
V1|16:09:12.562 == Class: DashBoardFourDataAccess       Method: ComparativoMarcas                       Routine: ERROR***       Message: [ipsos@teste.com.br]Conversion failed when converting the varchar value '1,2,3,4' to data type int.
V1|16:09:13.976 == Class: DashBoardFourDataAccess       Method: ImagemEvolutivaLinhas                   Routine: ERROR***       Message: [ipsos@teste.com.br]Conversion failed when converting the varchar value '1,2,3,4' to data type int.
V1|16:09:20.603 == Class: LogDataAccess                 Method: ObtemUsuarioPorIdUser                   Routine: ERROR***       Message: [ipsos@teste.com.br]Invalid object name 'tblUser'.
V1|16:09:20.691 == Class: UsuarioDataAccess             Method: CarregarPopUpMsn                        Routine: ERROR***       Message: [ipsos@teste.com.br]Could not find stored procedure 'pr_Lista_PopUp'.
V1|16:09:30.821 == Class: UsuarioDataAccess             Method: CarregarPopUpMsn                        Routine: ERROR***       Message: [ipsos@teste.com.br]Could not find stored procedure 'pr_Lista_PopUp'.
V1|16:09:30.919 == Class: LogDataAccess                 Method: ObtemUsuarioPorIdUser                   Routine: ERROR***       Message: [ipsos@teste.com.br]Invalid object name 'tblUser'.
V1|16:09:54.026 == Class: LogDataAccess                 Method: ObtemUsuarioPorIdUser                   Routine: ERROR***       Message: [ipsos@teste.com.br]Invalid object name 'tblUser'.
V1|16:09:56.081 == Class: FiltrosDataAccess             Method: FiltroSTB                               Routine: ERROR***       Message: []Could not find stored procedure 'sp_FiltroSTB'.
V1|16:09:57.447 == Class: DashBoardSevenDataAccess      Method: CarregarGraficoComunicacaoVisto         Routine: ERROR***       Message: [ipsos@teste.com.br]Could not find stored procedure 'sp_Dashboard_ComunicacaoVisto'.
V1|16:09:57.526 == Class: DashBoardSevenDataAccess      Method: CarregarGraficoComunicacaoRecall        Routine: ERROR***       Message: [ipsos@teste.com.br]Could not find stored procedure 'sp_Dashboard_ComunicacaoRecall'.
V1|16:09:58.097 == Class: DashBoardSevenDataAccess      Method: CarregarGraficoComunicacaoDiagnostico   Routine: ERROR***       Message: [ipsos@teste.com.br]Could not find stored procedure 'sp_Dashboard_ComunicacaoDiagnostico'.
