V1|14:19:04.409 == Class: LogDataAccess                 Method: ObtemUsuarioPorIdUser                   Routine: ERROR***       Message: []Invalid object name 'tblUser'.
V1|14:19:12.293 == Class: UsuarioDataAccess             Method: CarregarPopUpMsn                        Routine: ERROR***       Message: [ipsos@teste.com.br]Could not find stored procedure 'pr_Lista_PopUp'.
V1|14:19:13.239 == Class: LogDataAccess                 Method: ObtemUsuarioPorIdUser                   Routine: ERROR***       Message: [ipsos@teste.com.br]Invalid object name 'tblUser'.
V1|14:19:41.025 == Class: UsuarioDataAccess             Method: CarregarPopUpMsn                        Routine: ERROR***       Message: [ipsos@teste.com.br]Could not find stored procedure 'pr_Lista_PopUp'.
V1|14:19:43.608 == Class: LogDataAccess                 Method: ObtemUsuarioPorIdUser                   Routine: ERROR***       Message: [ipsos@teste.com.br]Invalid object name 'tblUser'.
V1|14:19:43.659 == Class: LogDataAccess                 Method: InsertLog                               Routine: ERROR***       Message: [ipsos@teste.com.br]Invalid object name 'tblUser'.
V1|14:19:54.351 == Class: UsuarioDataAccess             Method: CarregarPopUpMsn                        Routine: ERROR***       Message: [ipsos@teste.com.br]Could not find stored procedure 'pr_Lista_PopUp'.
V1|14:19:54.647 == Class: LogDataAccess                 Method: ObtemUsuarioPorIdUser                   Routine: ERROR***       Message: [ipsos@teste.com.br]Invalid object name 'tblUser'.
V1|14:20:24.438 == Class: UsuarioDataAccess             Method: CarregarPopUpMsn                        Routine: ERROR***       Message: [ipsos@teste.com.br]Could not find stored procedure 'pr_Lista_PopUp'.
V1|14:20:24.786 == Class: LogDataAccess                 Method: ObtemUsuarioPorIdUser                   Routine: ERROR***       Message: [ipsos@teste.com.br]Invalid object name 'tblUser'.
V1|14:20:24.833 == Class: LogDataAccess                 Method: InsertLog                               Routine: ERROR***       Message: [ipsos@teste.com.br]Invalid object name 'tblUser'.
V1|14:20:36.131 == Class: DashBoardFourDataAccess       Method: ImagemEvolutivaLinhas                   Routine: ERROR***       Message: [ipsos@teste.com.br]Conversion failed when converting the varchar value '1,2,3,4' to data type int.
V1|14:22:40.082 == Class: LogDataAccess                 Method: ObtemUsuarioPorIdUser                   Routine: ERROR***       Message: [ipsos@teste.com.br]Invalid object name 'tblUser'.
V1|14:22:40.139 == Class: LogDataAccess                 Method: InsertLog                               Routine: ERROR***       Message: [ipsos@teste.com.br]Invalid object name 'tblUser'.
V1|14:23:26.641 == Class: DashBoardFourDataAccess       Method: ImagemEvolutivaLinhas                   Routine: ERROR***       Message: [ipsos@teste.com.br]Conversion failed when converting the varchar value '1,2,3,4' to data type int.
V1|14:27:49.629 == Class: UsuarioDataAccess             Method: CarregarPopUpMsn                        Routine: ERROR***       Message: [ipsos@teste.com.br]Could not find stored procedure 'pr_Lista_PopUp'.
V1|14:27:50.824 == Class: LogDataAccess                 Method: ObtemUsuarioPorIdUser                   Routine: ERROR***       Message: [ipsos@teste.com.br]Invalid object name 'tblUser'.
V1|14:27:50.879 == Class: LogDataAccess                 Method: InsertLog                               Routine: ERROR***       Message: [ipsos@teste.com.br]Invalid object name 'tblUser'.
V1|14:28:21.070 == Class: DashBoardFourDataAccess       Method: ImagemEvolutivaLinhas                   Routine: ERROR***       Message: [ipsos@teste.com.br]Conversion failed when converting the varchar value '1,2,3,4' to data type int.
V1|14:31:56.921 == Class: LogDataAccess                 Method: ObtemUsuarioPorIdUser                   Routine: ERROR***       Message: [ipsos@teste.com.br]Invalid object name 'tblUser'.
V1|14:31:57.097 == Class: LogDataAccess                 Method: InsertLog                               Routine: ERROR***       Message: [ipsos@teste.com.br]Invalid object name 'tblUser'.
V1|14:32:39.016 == Class: LogDataAccess                 Method: ObtemUsuarioPorIdUser                   Routine: ERROR***       Message: [ipsos@teste.com.br]Invalid object name 'tblUser'.
V1|14:32:39.083 == Class: LogDataAccess                 Method: InsertLog                               Routine: ERROR***       Message: [ipsos@teste.com.br]Invalid object name 'tblUser'.
V1|14:33:34.904 == Class: UsuarioDataAccess             Method: CarregarPopUpMsn                        Routine: ERROR***       Message: [ipsos@teste.com.br]Could not find stored procedure 'pr_Lista_PopUp'.
V1|14:33:35.026 == Class: LogDataAccess                 Method: ObtemUsuarioPorIdUser                   Routine: ERROR***       Message: [ipsos@teste.com.br]Invalid object name 'tblUser'.
V1|14:33:35.137 == Class: LogDataAccess                 Method: InsertLog                               Routine: ERROR***       Message: [ipsos@teste.com.br]Invalid object name 'tblUser'.
V1|14:33:57.239 == Class: UsuarioDataAccess             Method: CarregarPopUpMsn                        Routine: ERROR***       Message: [ipsos@teste.com.br]Could not find stored procedure 'pr_Lista_PopUp'.
V1|14:33:57.366 == Class: LogDataAccess                 Method: ObtemUsuarioPorIdUser                   Routine: ERROR***       Message: [ipsos@teste.com.br]Invalid object name 'tblUser'.
V1|14:33:57.478 == Class: LogDataAccess                 Method: InsertLog                               Routine: ERROR***       Message: [ipsos@teste.com.br]Invalid object name 'tblUser'.
V1|14:35:11.889 == Class: LogDataAccess                 Method: ObtemUsuarioPorIdUser                   Routine: ERROR***       Message: [ipsos@teste.com.br]Invalid object name 'tblUser'.
V1|14:36:05.534 == Class: LogDataAccess                 Method: ObtemUsuarioPorIdUser                   Routine: ERROR***       Message: [ipsos@teste.com.br]Invalid object name 'tblUser'.
