V1|11:25:08.205 == Class: DashBoardTwoDataAccess        Method: CarregarGraficoComparativoMarcas        Routine: ERROR***       Message: [ipsos@teste.com.br]Divide by zero error encountered.
The statement has been terminated.
V1|11:25:08.375 == Class: DashBoardTwoDataAccess        Method: CarregarGraficoComparativoMarcas        Routine: ERROR***       Message: [ipsos@teste.com.br]Divide by zero error encountered.
The statement has been terminated.
V1|11:25:10.529 == Class: DashBoardTwoDataAccess        Method: CarregarGraficoComparativoMarcas        Routine: ERROR***       Message: [ipsos@teste.com.br]Divide by zero error encountered.
The statement has been terminated.
V1|11:25:14.264 == Class: DashBoardTwoDataAccess        Method: CarregarGraficoComparativoMarcas        Routine: ERROR***       Message: [ipsos@teste.com.br]Divide by zero error encountered.
The statement has been terminated.
V1|11:25:17.518 == Class: DashBoardTwoDataAccess        Method: CarregarGraficoComparativoMarcas        Routine: ERROR***       Message: [ipsos@teste.com.br]Divide by zero error encountered.
The statement has been terminated.
V1|11:25:20.202 == Class: DashBoardTwoDataAccess        Method: CarregarGraficoComparativoMarcas        Routine: ERROR***       Message: [ipsos@teste.com.br]Divide by zero error encountered.
The statement has been terminated.
V1|11:25:20.491 == Class: DashBoardTwoDataAccess        Method: CarregarGraficoComparativoMarcas        Routine: ERROR***       Message: [ipsos@teste.com.br]Divide by zero error encountered.
The statement has been terminated.
V1|11:25:20.851 == Class: DashBoardTwoDataAccess        Method: CarregarGraficoComparativoMarcas        Routine: ERROR***       Message: [ipsos@teste.com.br]Divide by zero error encountered.
The statement has been terminated.
V1|11:25:22.212 == Class: DashBoardTwoDataAccess        Method: CarregarGraficoComparativoMarcas        Routine: ERROR***       Message: [ipsos@teste.com.br]Divide by zero error encountered.
The statement has been terminated.
V1|11:25:25.140 == Class: DashBoardTwoDataAccess        Method: CarregarGraficoComparativoMarcas        Routine: ERROR***       Message: [ipsos@teste.com.br]Divide by zero error encountered.
The statement has been terminated.
V1|11:25:27.605 == Class: DashBoardTwoDataAccess        Method: CarregarGraficoComparativoMarcas        Routine: ERROR***       Message: [ipsos@teste.com.br]Divide by zero error encountered.
The statement has been terminated.
V1|11:25:29.732 == Class: DashBoardTwoDataAccess        Method: CarregarGraficoComparativoMarcas        Routine: ERROR***       Message: [ipsos@teste.com.br]Divide by zero error encountered.
The statement has been terminated.
V1|11:25:34.552 == Class: DashBoardTwoDataAccess        Method: CarregarGraficoComparativoMarcasExcel   Routine: ERROR***       Message: [ipsos@teste.com.br]Divide by zero error encountered.
The statement has been terminated.
V1|11:25:45.774 == Class: DashBoardTwoDataAccess        Method: CarregarGraficoComparativoMarcas        Routine: ERROR***       Message: [ipsos@teste.com.br]Divide by zero error encountered.
The statement has been terminated.
V1|11:26:12.740 == Class: DashBoardTwoDataAccess        Method: CarregarGraficoComparativoMarcas        Routine: ERROR***       Message: [ipsos@teste.com.br]Divide by zero error encountered.
The statement has been terminated.
V1|11:27:57.728 == Class: DashBoardTwoDataAccess        Method: CarregarGraficoComparativoMarcas        Routine: ERROR***       Message: [ipsos@teste.com.br]Divide by zero error encountered.
The statement has been terminated.
V1|11:28:00.994 == Class: DashBoardTwoDataAccess        Method: CarregarGraficoComparativoMarcas        Routine: ERROR***       Message: [ipsos@teste.com.br]Divide by zero error encountered.
The statement has been terminated.
V1|11:28:01.719 == Class: DashBoardTwoDataAccess        Method: CarregarGraficoComparativoMarcas        Routine: ERROR***       Message: [ipsos@teste.com.br]Divide by zero error encountered.
The statement has been terminated.
V1|11:28:03.968 == Class: DashBoardTwoDataAccess        Method: CarregarGraficoComparativoMarcas        Routine: ERROR***       Message: [ipsos@teste.com.br]Divide by zero error encountered.
The statement has been terminated.
V1|11:28:04.162 == Class: DashBoardTwoDataAccess        Method: CarregarGraficoComparativoMarcas        Routine: ERROR***       Message: [ipsos@teste.com.br]Divide by zero error encountered.
The statement has been terminated.
V1|11:28:07.731 == Class: DashBoardTwoDataAccess        Method: CarregarGraficoComparativoMarcas        Routine: ERROR***       Message: [ipsos@teste.com.br]Divide by zero error encountered.
The statement has been terminated.
V1|11:28:12.059 == Class: DashBoardTwoDataAccess        Method: CarregarGraficoComparativoMarcas        Routine: ERROR***       Message: [ipsos@teste.com.br]Divide by zero error encountered.
The statement has been terminated.
V1|11:28:14.339 == Class: DashBoardTwoDataAccess        Method: CarregarGraficoComparativoMarcas        Routine: ERROR***       Message: [ipsos@teste.com.br]Divide by zero error encountered.
The statement has been terminated.
V1|11:28:16.903 == Class: DashBoardTwoDataAccess        Method: CarregarGraficoComparativoMarcas        Routine: ERROR***       Message: [ipsos@teste.com.br]Divide by zero error encountered.
The statement has been terminated.
V1|11:28:17.319 == Class: DashBoardTwoDataAccess        Method: CarregarGraficoComparativoMarcas        Routine: ERROR***       Message: [ipsos@teste.com.br]Divide by zero error encountered.
The statement has been terminated.
V1|11:28:19.466 == Class: DashBoardTwoDataAccess        Method: CarregarGraficoComparativoMarcas        Routine: ERROR***       Message: [ipsos@teste.com.br]Divide by zero error encountered.
The statement has been terminated.
V1|11:28:41.962 == Class: DashBoardTwoDataAccess        Method: CarregarGraficoComparativoMarcas        Routine: ERROR***       Message: [ipsos@teste.com.br]Divide by zero error encountered.
The statement has been terminated.
V1|11:28:44.129 == Class: DashBoardTwoDataAccess        Method: CarregarGraficoComparativoMarcas        Routine: ERROR***       Message: [ipsos@teste.com.br]Divide by zero error encountered.
The statement has been terminated.
V1|11:28:47.392 == Class: DashBoardTwoDataAccess        Method: CarregarGraficoComparativoMarcas        Routine: ERROR***       Message: [ipsos@teste.com.br]Divide by zero error encountered.
The statement has been terminated.
V1|11:28:50.131 == Class: DashBoardTwoDataAccess        Method: CarregarGraficoComparativoMarcas        Routine: ERROR***       Message: [ipsos@teste.com.br]Divide by zero error encountered.
The statement has been terminated.
V1|11:28:55.488 == Class: DashBoardTwoDataAccess        Method: CarregarGraficoComparativoMarcas        Routine: ERROR***       Message: [ipsos@teste.com.br]Divide by zero error encountered.
The statement has been terminated.
V1|11:28:59.664 == Class: DashBoardTwoDataAccess        Method: CarregarGraficoComparativoMarcas        Routine: ERROR***       Message: [ipsos@teste.com.br]Divide by zero error encountered.
The statement has been terminated.
V1|11:29:00.141 == Class: DashBoardTwoDataAccess        Method: CarregarGraficoComparativoMarcas        Routine: ERROR***       Message: [ipsos@teste.com.br]Divide by zero error encountered.
The statement has been terminated.
V1|11:29:01.678 == Class: DashBoardTwoDataAccess        Method: CarregarGraficoComparativoMarcas        Routine: ERROR***       Message: [ipsos@teste.com.br]Divide by zero error encountered.
The statement has been terminated.
V1|11:29:03.708 == Class: DashBoardTwoDataAccess        Method: CarregarGraficoComparativoMarcas        Routine: ERROR***       Message: [ipsos@teste.com.br]Divide by zero error encountered.
The statement has been terminated.
V1|11:29:05.783 == Class: DashBoardTwoDataAccess        Method: CarregarGraficoComparativoMarcas        Routine: ERROR***       Message: [ipsos@teste.com.br]Divide by zero error encountered.
The statement has been terminated.
V1|11:29:47.763 == Class: DashBoardTwoDataAccess        Method: CarregarGraficoComparativoMarcas        Routine: ERROR***       Message: [ipsos@teste.com.br]Divide by zero error encountered.
The statement has been terminated.
V1|11:29:48.542 == Class: DashBoardTwoDataAccess        Method: CarregarGraficoComparativoMarcas        Routine: ERROR***       Message: [ipsos@teste.com.br]Divide by zero error encountered.
The statement has been terminated.
V1|11:29:50.757 == Class: DashBoardTwoDataAccess        Method: CarregarGraficoComparativoMarcas        Routine: ERROR***       Message: [ipsos@teste.com.br]Divide by zero error encountered.
The statement has been terminated.
V1|11:29:52.873 == Class: DashBoardTwoDataAccess        Method: CarregarGraficoComparativoMarcas        Routine: ERROR***       Message: [ipsos@teste.com.br]Divide by zero error encountered.
The statement has been terminated.
V1|11:29:56.489 == Class: DashBoardTwoDataAccess        Method: CarregarGraficoComparativoMarcas        Routine: ERROR***       Message: [ipsos@teste.com.br]Divide by zero error encountered.
The statement has been terminated.
V1|11:29:59.027 == Class: DashBoardTwoDataAccess        Method: CarregarGraficoComparativoMarcas        Routine: ERROR***       Message: [ipsos@teste.com.br]Divide by zero error encountered.
The statement has been terminated.
V1|11:30:00.598 == Class: DashBoardTwoDataAccess        Method: CarregarGraficoComparativoMarcas        Routine: ERROR***       Message: [ipsos@teste.com.br]Divide by zero error encountered.
The statement has been terminated.
V1|11:30:00.828 == Class: DashBoardTwoDataAccess        Method: CarregarGraficoComparativoMarcas        Routine: ERROR***       Message: [ipsos@teste.com.br]Divide by zero error encountered.
The statement has been terminated.
V1|11:30:02.156 == Class: DashBoardTwoDataAccess        Method: CarregarGraficoComparativoMarcas        Routine: ERROR***       Message: [ipsos@teste.com.br]Divide by zero error encountered.
The statement has been terminated.
V1|11:30:04.816 == Class: DashBoardTwoDataAccess        Method: CarregarGraficoComparativoMarcas        Routine: ERROR***       Message: [ipsos@teste.com.br]Divide by zero error encountered.
The statement has been terminated.
V1|11:30:07.815 == Class: DashBoardTwoDataAccess        Method: CarregarGraficoComparativoMarcas        Routine: ERROR***       Message: [ipsos@teste.com.br]Divide by zero error encountered.
The statement has been terminated.
V1|11:30:10.268 == Class: DashBoardTwoDataAccess        Method: CarregarGraficoComparativoMarcas        Routine: ERROR***       Message: [ipsos@teste.com.br]Divide by zero error encountered.
The statement has been terminated.
V1|11:31:32.085 == Class: DashBoardTwoDataAccess        Method: CarregarGraficoComparativoMarcas        Routine: ERROR***       Message: [ipsos@teste.com.br]Divide by zero error encountered.
The statement has been terminated.
V1|11:31:38.434 == Class: DashBoardTwoDataAccess        Method: CarregarGraficoComparativoMarcas        Routine: ERROR***       Message: [ipsos@teste.com.br]Divide by zero error encountered.
The statement has been terminated.
V1|11:31:38.849 == Class: DashBoardTwoDataAccess        Method: CarregarGraficoComparativoMarcas        Routine: ERROR***       Message: [ipsos@teste.com.br]Divide by zero error encountered.
The statement has been terminated.
V1|11:31:40.318 == Class: DashBoardTwoDataAccess        Method: CarregarGraficoComparativoMarcas        Routine: ERROR***       Message: [ipsos@teste.com.br]Divide by zero error encountered.
The statement has been terminated.
V1|11:31:42.357 == Class: DashBoardTwoDataAccess        Method: CarregarGraficoComparativoMarcas        Routine: ERROR***       Message: [ipsos@teste.com.br]Divide by zero error encountered.
The statement has been terminated.
V1|11:31:44.706 == Class: DashBoardTwoDataAccess        Method: CarregarGraficoComparativoMarcas        Routine: ERROR***       Message: [ipsos@teste.com.br]Divide by zero error encountered.
The statement has been terminated.
V1|11:31:45.071 == Class: DashBoardTwoDataAccess        Method: CarregarGraficoComparativoMarcas        Routine: ERROR***       Message: [ipsos@teste.com.br]Divide by zero error encountered.
The statement has been terminated.
V1|11:31:47.813 == Class: DashBoardTwoDataAccess        Method: CarregarGraficoComparativoMarcas        Routine: ERROR***       Message: [ipsos@teste.com.br]Divide by zero error encountered.
The statement has been terminated.
V1|11:31:49.170 == Class: DashBoardTwoDataAccess        Method: CarregarGraficoComparativoMarcas        Routine: ERROR***       Message: [ipsos@teste.com.br]Divide by zero error encountered.
The statement has been terminated.
V1|11:31:50.935 == Class: DashBoardTwoDataAccess        Method: CarregarGraficoComparativoMarcas        Routine: ERROR***       Message: [ipsos@teste.com.br]Divide by zero error encountered.
The statement has been terminated.
V1|11:31:53.645 == Class: DashBoardTwoDataAccess        Method: CarregarGraficoComparativoMarcas        Routine: ERROR***       Message: [ipsos@teste.com.br]Divide by zero error encountered.
The statement has been terminated.
V1|11:31:54.609 == Class: DashBoardTwoDataAccess        Method: CarregarGraficoComparativoMarcas        Routine: ERROR***       Message: [ipsos@teste.com.br]Divide by zero error encountered.
The statement has been terminated.
V1|11:31:56.669 == Class: DashBoardTwoDataAccess        Method: CarregarGraficoComparativoMarcas        Routine: ERROR***       Message: [ipsos@teste.com.br]Divide by zero error encountered.
The statement has been terminated.
V1|11:31:56.867 == Class: DashBoardTwoDataAccess        Method: CarregarGraficoComparativoMarcas        Routine: ERROR***       Message: [ipsos@teste.com.br]Divide by zero error encountered.
The statement has been terminated.
V1|11:31:58.120 == Class: DashBoardTwoDataAccess        Method: CarregarGraficoComparativoMarcas        Routine: ERROR***       Message: [ipsos@teste.com.br]Divide by zero error encountered.
The statement has been terminated.
V1|11:31:59.742 == Class: DashBoardTwoDataAccess        Method: CarregarGraficoComparativoMarcas        Routine: ERROR***       Message: [ipsos@teste.com.br]Divide by zero error encountered.
The statement has been terminated.
V1|11:32:01.486 == Class: DashBoardTwoDataAccess        Method: CarregarGraficoComparativoMarcas        Routine: ERROR***       Message: [ipsos@teste.com.br]Divide by zero error encountered.
The statement has been terminated.
V1|11:32:57.248 == Class: DashBoardTwoDataAccess        Method: CarregarGraficoComparativoMarcas        Routine: ERROR***       Message: [ipsos@teste.com.br]Divide by zero error encountered.
The statement has been terminated.
V1|11:33:11.209 == Class: DashBoardTwoDataAccess        Method: CarregarGraficoComparativoMarcas        Routine: ERROR***       Message: [ipsos@teste.com.br]Divide by zero error encountered.
The statement has been terminated.
V1|11:33:12.623 == Class: DashBoardTwoDataAccess        Method: CarregarGraficoComparativoMarcas        Routine: ERROR***       Message: [ipsos@teste.com.br]Divide by zero error encountered.
The statement has been terminated.
V1|11:33:13.950 == Class: DashBoardTwoDataAccess        Method: CarregarGraficoComparativoMarcas        Routine: ERROR***       Message: [ipsos@teste.com.br]Divide by zero error encountered.
The statement has been terminated.
V1|11:33:16.257 == Class: DashBoardTwoDataAccess        Method: CarregarGraficoComparativoMarcas        Routine: ERROR***       Message: [ipsos@teste.com.br]Divide by zero error encountered.
The statement has been terminated.
V1|11:33:18.748 == Class: DashBoardTwoDataAccess        Method: CarregarGraficoComparativoMarcas        Routine: ERROR***       Message: [ipsos@teste.com.br]Divide by zero error encountered.
The statement has been terminated.
V1|11:33:18.994 == Class: DashBoardTwoDataAccess        Method: CarregarGraficoComparativoMarcas        Routine: ERROR***       Message: [ipsos@teste.com.br]Divide by zero error encountered.
The statement has been terminated.
V1|11:33:23.175 == Class: DashBoardTwoDataAccess        Method: CarregarGraficoComparativoMarcas        Routine: ERROR***       Message: [ipsos@teste.com.br]Divide by zero error encountered.
The statement has been terminated.
V1|11:33:24.433 == Class: DashBoardTwoDataAccess        Method: CarregarGraficoComparativoMarcas        Routine: ERROR***       Message: [ipsos@teste.com.br]Divide by zero error encountered.
The statement has been terminated.
V1|11:33:28.111 == Class: DashBoardTwoDataAccess        Method: CarregarGraficoComparativoMarcas        Routine: ERROR***       Message: [ipsos@teste.com.br]Divide by zero error encountered.
The statement has been terminated.
V1|11:33:28.279 == Class: DashBoardTwoDataAccess        Method: CarregarGraficoComparativoMarcas        Routine: ERROR***       Message: [ipsos@teste.com.br]Divide by zero error encountered.
The statement has been terminated.
V1|11:34:08.779 == Class: DashBoardTwoDataAccess        Method: CarregarGraficoComparativoMarcas        Routine: ERROR***       Message: [ipsos@teste.com.br]Divide by zero error encountered.
The statement has been terminated.
V1|11:34:11.202 == Class: DashBoardTwoDataAccess        Method: CarregarGraficoComparativoMarcas        Routine: ERROR***       Message: [ipsos@teste.com.br]Divide by zero error encountered.
The statement has been terminated.
V1|11:34:15.397 == Class: DashBoardTwoDataAccess        Method: CarregarGraficoComparativoMarcas        Routine: ERROR***       Message: [ipsos@teste.com.br]Divide by zero error encountered.
The statement has been terminated.
V1|11:34:18.837 == Class: DashBoardTwoDataAccess        Method: CarregarGraficoComparativoMarcas        Routine: ERROR***       Message: [ipsos@teste.com.br]Divide by zero error encountered.
The statement has been terminated.
V1|11:34:20.272 == Class: DashBoardTwoDataAccess        Method: CarregarGraficoComparativoMarcas        Routine: ERROR***       Message: [ipsos@teste.com.br]Divide by zero error encountered.
The statement has been terminated.
V1|11:34:22.154 == Class: DashBoardTwoDataAccess        Method: CarregarGraficoComparativoMarcas        Routine: ERROR***       Message: [ipsos@teste.com.br]Divide by zero error encountered.
The statement has been terminated.
V1|11:34:22.835 == Class: DashBoardTwoDataAccess        Method: CarregarGraficoComparativoMarcas        Routine: ERROR***       Message: [ipsos@teste.com.br]Divide by zero error encountered.
The statement has been terminated.
V1|11:34:24.712 == Class: DashBoardTwoDataAccess        Method: CarregarGraficoComparativoMarcas        Routine: ERROR***       Message: [ipsos@teste.com.br]Divide by zero error encountered.
The statement has been terminated.
V1|11:34:25.370 == Class: DashBoardTwoDataAccess        Method: CarregarGraficoComparativoMarcas        Routine: ERROR***       Message: [ipsos@teste.com.br]Divide by zero error encountered.
The statement has been terminated.
V1|11:34:26.060 == Class: DashBoardTwoDataAccess        Method: CarregarGraficoComparativoMarcas        Routine: ERROR***       Message: [ipsos@teste.com.br]Divide by zero error encountered.
The statement has been terminated.
V1|11:34:27.588 == Class: DashBoardTwoDataAccess        Method: CarregarGraficoComparativoMarcas        Routine: ERROR***       Message: [ipsos@teste.com.br]Divide by zero error encountered.
The statement has been terminated.
V1|11:34:31.162 == Class: DashBoardTwoDataAccess        Method: CarregarGraficoComparativoMarcas        Routine: ERROR***       Message: [ipsos@teste.com.br]Divide by zero error encountered.
The statement has been terminated.
V1|11:34:41.853 == Class: DashBoardTwoDataAccess        Method: CarregarGraficoComparativoMarcas        Routine: ERROR***       Message: [ipsos@teste.com.br]Divide by zero error encountered.
The statement has been terminated.
V1|11:34:45.416 == Class: DashBoardTwoDataAccess        Method: CarregarGraficoComparativoMarcas        Routine: ERROR***       Message: [ipsos@teste.com.br]Divide by zero error encountered.
The statement has been terminated.
V1|11:34:48.951 == Class: DashBoardTwoDataAccess        Method: CarregarGraficoComparativoMarcas        Routine: ERROR***       Message: [ipsos@teste.com.br]Divide by zero error encountered.
The statement has been terminated.
V1|11:34:51.183 == Class: DashBoardTwoDataAccess        Method: CarregarGraficoComparativoMarcas        Routine: ERROR***       Message: [ipsos@teste.com.br]Divide by zero error encountered.
The statement has been terminated.
V1|11:34:51.506 == Class: DashBoardTwoDataAccess        Method: CarregarGraficoComparativoMarcas        Routine: ERROR***       Message: [ipsos@teste.com.br]Divide by zero error encountered.
The statement has been terminated.
V1|11:34:54.368 == Class: DashBoardTwoDataAccess        Method: CarregarGraficoComparativoMarcas        Routine: ERROR***       Message: [ipsos@teste.com.br]Divide by zero error encountered.
The statement has been terminated.
V1|11:35:37.300 == Class: DashBoardTwoDataAccess        Method: CarregarGraficoComparativoMarcas        Routine: ERROR***       Message: [ipsos@teste.com.br]Divide by zero error encountered.
The statement has been terminated.
V1|11:44:18.434 == Class: DashBoardTwoDataAccess        Method: CarregarGraficoComparativoMarcas        Routine: ERROR***       Message: []Divide by zero error encountered.
The statement has been terminated.
V1|11:44:19.996 == Class: DashBoardTwoDataAccess        Method: CarregarGraficoComparativoMarcas        Routine: ERROR***       Message: []Divide by zero error encountered.
The statement has been terminated.
V1|12:34:48.536 == Class: LogDataAccess                 Method: InsertLog                               Routine: ERROR***       Message: []Referência de objeto não definida para uma instância de um objeto.
V1|18:55:01.589 == Class: LogDataAccess                 Method: InsertLog                               Routine: ERROR***       Message: []Referência de objeto não definida para uma instância de um objeto.
V1|21:39:05.857 == Class: DashBoardFiveDataAccess       Method: CarregarGraficoEvolutivoMarcas          Routine: ERROR***       Message: [ipsos@teste.com.br]Referência de objeto não definida para uma instância de um objeto.
