V1|04:38:44.096 == Class: TraducaoDataAccess            Method: ObterTraducao                           Routine: ERROR***       Message: []Could not find stored procedure 'pr_Lista_Traducao'.
V1|04:38:44.343 == Class: LogDataAccess                 Method: ObtemUsuarioPorIdUser                   Routine: ERROR***       Message: []Invalid object name 'tblUser'.
V1|04:38:44.376 == Class: LogDataAccess                 Method: InsertLog                               Routine: ERROR***       Message: []Invalid object name 'tblUser'.
V1|04:39:06.949 == Class: UsuarioDataAccess             Method: CarregarPopUpMsn                        Routine: ERROR***       Message: [ipsos@teste.com.br]Could not find stored procedure 'pr_Lista_PopUp'.
V1|04:39:07.712 == Class: FiltrosDataAccess             Method: FiltroMarcas                            Routine: ERROR***       Message: []@ParamDenominators is not a parameter for procedure sp_FiltroMarcas.
V1|04:39:07.930 == Class: FiltrosDataAccess             Method: FiltroMarcas                            Routine: ERROR***       Message: []@ParamDenominators is not a parameter for procedure sp_FiltroMarcas.
V1|04:39:08.118 == Class: LogDataAccess                 Method: InsertLog                               Routine: ERROR***       Message: [ipsos@teste.com.br]Invalid object name 'tblUser'.
V1|04:39:17.792 == Class: DashBoardTwoDataAccess        Method: CarregarGraficoComparativoMarcas        Routine: ERROR***       Message: [ipsos@teste.com.br]Referência de objeto não definida para uma instância de um objeto.
V1|04:39:17.875 == Class: DashBoardTwoDataAccess        Method: CarregarGraficoComparativoMarcas        Routine: ERROR***       Message: [ipsos@teste.com.br]Referência de objeto não definida para uma instância de um objeto.
V1|04:39:22.431 == Class: DashBoardTwoDataAccess        Method: CarregarGraficoComparativoMarcas        Routine: ERROR***       Message: [ipsos@teste.com.br]Referência de objeto não definida para uma instância de um objeto.
V1|04:39:22.503 == Class: DashBoardTwoDataAccess        Method: CarregarGraficoComparativoMarcas        Routine: ERROR***       Message: [ipsos@teste.com.br]Referência de objeto não definida para uma instância de um objeto.
V1|04:39:25.216 == Class: DashBoardTwoDataAccess        Method: CarregarGraficoComparativoMarcas        Routine: ERROR***       Message: [ipsos@teste.com.br]Referência de objeto não definida para uma instância de um objeto.
V1|04:39:25.441 == Class: FiltrosDataAccess             Method: FiltroMarcas                            Routine: ERROR***       Message: []@ParamDenominators is not a parameter for procedure sp_FiltroMarcas.
V1|04:39:25.776 == Class: FiltrosDataAccess             Method: FiltroMarcas                            Routine: ERROR***       Message: []@ParamDenominators is not a parameter for procedure sp_FiltroMarcas.
V1|04:39:25.957 == Class: FiltrosDataAccess             Method: FiltroMarcas                            Routine: ERROR***       Message: []@ParamDenominators is not a parameter for procedure sp_FiltroMarcas.
V1|04:39:26.014 == Class: FiltrosDataAccess             Method: FiltroMarcas                            Routine: ERROR***       Message: []@ParamDenominators is not a parameter for procedure sp_FiltroMarcas.
V1|04:39:28.700 == Class: TraducaoDataAccess            Method: ObterTraducao                           Routine: ERROR***       Message: [ipsos@teste.com.br]Could not find stored procedure 'pr_Lista_Traducao'.
V1|04:39:30.013 == Class: UsuarioDataAccess             Method: CarregarPopUpMsn                        Routine: ERROR***       Message: [ipsos@teste.com.br]Could not find stored procedure 'pr_Lista_PopUp'.
V1|04:39:31.401 == Class: FiltrosDataAccess             Method: FiltroMarcas                            Routine: ERROR***       Message: []@ParamDenominators is not a parameter for procedure sp_FiltroMarcas.
V1|04:39:31.912 == Class: FiltrosDataAccess             Method: FiltroMarcas                            Routine: ERROR***       Message: []@ParamDenominators is not a parameter for procedure sp_FiltroMarcas.
V1|04:39:32.138 == Class: LogDataAccess                 Method: ObtemUsuarioPorIdUser                   Routine: ERROR***       Message: [ipsos@teste.com.br]Invalid object name 'tblUser'.
V1|04:39:32.278 == Class: LogDataAccess                 Method: InsertLog                               Routine: ERROR***       Message: [ipsos@teste.com.br]Invalid object name 'tblUser'.
V1|04:39:35.327 == Class: DashBoardTwoDataAccess        Method: CarregarGraficoComparativoMarcas        Routine: ERROR***       Message: [ipsos@teste.com.br]Referência de objeto não definida para uma instância de um objeto.
V1|04:39:37.560 == Class: DashBoardTwoDataAccess        Method: CarregarGraficoComparativoMarcas        Routine: ERROR***       Message: [ipsos@teste.com.br]Referência de objeto não definida para uma instância de um objeto.
V1|04:39:40.597 == Class: DashBoardTwoDataAccess        Method: CarregarGraficoComparativoMarcas        Routine: ERROR***       Message: [ipsos@teste.com.br]Referência de objeto não definida para uma instância de um objeto.
V1|04:39:40.953 == Class: DashBoardTwoDataAccess        Method: CarregarGraficoComparativoMarcas        Routine: ERROR***       Message: [ipsos@teste.com.br]Referência de objeto não definida para uma instância de um objeto.
V1|04:39:40.967 == Class: DashBoardTwoDataAccess        Method: CarregarGraficoComparativoMarcas        Routine: ERROR***       Message: [ipsos@teste.com.br]Referência de objeto não definida para uma instância de um objeto.
V1|04:39:41.665 == Class: DashBoardTwoDataAccess        Method: CarregarGraficoComparativoMarcas        Routine: ERROR***       Message: [ipsos@teste.com.br]Referência de objeto não definida para uma instância de um objeto.
V1|04:39:43.315 == Class: FiltrosDataAccess             Method: FiltroMarcas                            Routine: ERROR***       Message: []@ParamDenominators is not a parameter for procedure sp_FiltroMarcas.
V1|04:39:43.497 == Class: FiltrosDataAccess             Method: FiltroMarcas                            Routine: ERROR***       Message: []@ParamDenominators is not a parameter for procedure sp_FiltroMarcas.
V1|04:39:44.943 == Class: FiltrosDataAccess             Method: FiltroMarcas                            Routine: ERROR***       Message: []@ParamDenominators is not a parameter for procedure sp_FiltroMarcas.
V1|04:39:45.007 == Class: FiltrosDataAccess             Method: FiltroMarcas                            Routine: ERROR***       Message: []@ParamDenominators is not a parameter for procedure sp_FiltroMarcas.
V1|22:02:01.169 == Class: TraducaoDataAccess            Method: ObterTraducao                           Routine: ERROR***       Message: []Could not find stored procedure 'pr_Lista_Traducao'.
V1|22:02:01.539 == Class: LogDataAccess                 Method: ObtemUsuarioPorIdUser                   Routine: ERROR***       Message: []Invalid object name 'tblUser'.
V1|22:02:16.788 == Class: TraducaoDataAccess            Method: ObterTraducao                           Routine: ERROR***       Message: [ipsos@teste.com.br]Could not find stored procedure 'pr_Lista_Traducao'.
V1|22:03:19.256 == Class: TraducaoDataAccess            Method: ObterTraducao                           Routine: ERROR***       Message: [ipsos@teste.com.br]Could not find stored procedure 'pr_Lista_Traducao'.
V1|22:04:15.848 == Class: UsuarioDataAccess             Method: CarregarPopUpMsn                        Routine: ERROR***       Message: [ipsos@teste.com.br]Could not find stored procedure 'pr_Lista_PopUp'.
V1|22:04:16.797 == Class: FiltrosDataAccess             Method: FiltroMarcas                            Routine: ERROR***       Message: []@ParamDenominators is not a parameter for procedure sp_FiltroMarcas.
V1|22:04:17.038 == Class: FiltrosDataAccess             Method: FiltroMarcas                            Routine: ERROR***       Message: []@ParamDenominators is not a parameter for procedure sp_FiltroMarcas.
V1|22:04:17.116 == Class: LogDataAccess                 Method: ObtemUsuarioPorIdUser                   Routine: ERROR***       Message: [ipsos@teste.com.br]Invalid object name 'tblUser'.
V1|22:04:17.158 == Class: LogDataAccess                 Method: InsertLog                               Routine: ERROR***       Message: [ipsos@teste.com.br]Invalid object name 'tblUser'.
V1|22:04:22.611 == Class: DashBoardTwoDataAccess        Method: CarregarGraficoComparativoMarcas        Routine: ERROR***       Message: [ipsos@teste.com.br]Referência de objeto não definida para uma instância de um objeto.
V1|22:04:23.504 == Class: DashBoardTwoDataAccess        Method: CarregarGraficoComparativoMarcas        Routine: ERROR***       Message: [ipsos@teste.com.br]Referência de objeto não definida para uma instância de um objeto.
V1|22:04:23.513 == Class: DashBoardTwoDataAccess        Method: CarregarGraficoComparativoMarcas        Routine: ERROR***       Message: [ipsos@teste.com.br]Referência de objeto não definida para uma instância de um objeto.
V1|22:04:23.872 == Class: DashBoardTwoDataAccess        Method: CarregarGraficoComparativoMarcas        Routine: ERROR***       Message: [ipsos@teste.com.br]Referência de objeto não definida para uma instância de um objeto.
V1|22:04:25.102 == Class: DashBoardTwoDataAccess        Method: CarregarGraficoComparativoMarcas        Routine: ERROR***       Message: [ipsos@teste.com.br]Referência de objeto não definida para uma instância de um objeto.
V1|22:04:25.107 == Class: DashBoardTwoDataAccess        Method: CarregarGraficoComparativoMarcas        Routine: ERROR***       Message: [ipsos@teste.com.br]Referência de objeto não definida para uma instância de um objeto.
V1|22:04:25.893 == Class: FiltrosDataAccess             Method: FiltroMarcas                            Routine: ERROR***       Message: []@ParamDenominators is not a parameter for procedure sp_FiltroMarcas.
V1|22:04:26.001 == Class: FiltrosDataAccess             Method: FiltroMarcas                            Routine: ERROR***       Message: []@ParamDenominators is not a parameter for procedure sp_FiltroMarcas.
V1|22:04:26.235 == Class: FiltrosDataAccess             Method: FiltroMarcas                            Routine: ERROR***       Message: []@ParamDenominators is not a parameter for procedure sp_FiltroMarcas.
V1|22:04:26.341 == Class: FiltrosDataAccess             Method: FiltroMarcas                            Routine: ERROR***       Message: []@ParamDenominators is not a parameter for procedure sp_FiltroMarcas.
V1|22:04:29.301 == Class: UsuarioDataAccess             Method: CarregarPopUpMsn                        Routine: ERROR***       Message: [ipsos@teste.com.br]Could not find stored procedure 'pr_Lista_PopUp'.
V1|22:04:30.556 == Class: FiltrosDataAccess             Method: FiltroMarcas                            Routine: ERROR***       Message: []@ParamDenominators is not a parameter for procedure sp_FiltroMarcas.
V1|22:04:31.079 == Class: FiltrosDataAccess             Method: FiltroMarcas                            Routine: ERROR***       Message: []@ParamDenominators is not a parameter for procedure sp_FiltroMarcas.
V1|22:04:33.409 == Class: LogDataAccess                 Method: InsertLog                               Routine: ERROR***       Message: [ipsos@teste.com.br]Invalid object name 'tblUser'.
V1|22:04:34.096 == Class: DashBoardTwoDataAccess        Method: CarregarGraficoComparativoMarcas        Routine: ERROR***       Message: [ipsos@teste.com.br]Referência de objeto não definida para uma instância de um objeto.
V1|22:04:34.879 == Class: DashBoardTwoDataAccess        Method: CarregarGraficoComparativoMarcas        Routine: ERROR***       Message: [ipsos@teste.com.br]Referência de objeto não definida para uma instância de um objeto.
V1|22:04:35.239 == Class: DashBoardTwoDataAccess        Method: CarregarGraficoComparativoMarcas        Routine: ERROR***       Message: [ipsos@teste.com.br]Referência de objeto não definida para uma instância de um objeto.
V1|22:04:35.253 == Class: DashBoardTwoDataAccess        Method: CarregarGraficoComparativoMarcas        Routine: ERROR***       Message: [ipsos@teste.com.br]Referência de objeto não definida para uma instância de um objeto.
V1|22:04:35.311 == Class: DashBoardTwoDataAccess        Method: CarregarGraficoComparativoMarcas        Routine: ERROR***       Message: [ipsos@teste.com.br]Referência de objeto não definida para uma instância de um objeto.
V1|22:04:45.676 == Class: DashBoardTwoDataAccess        Method: CarregarGraficoComparativoMarcas        Routine: ERROR***       Message: [ipsos@teste.com.br]Referência de objeto não definida para uma instância de um objeto.
V1|22:04:45.716 == Class: DashBoardTwoDataAccess        Method: CarregarGraficoComparativoMarcas        Routine: ERROR***       Message: [ipsos@teste.com.br]Referência de objeto não definida para uma instância de um objeto.
V1|22:04:46.978 == Class: DashBoardTwoDataAccess        Method: CarregarGraficoComparativoMarcas        Routine: ERROR***       Message: [ipsos@teste.com.br]Referência de objeto não definida para uma instância de um objeto.
V1|22:04:47.212 == Class: FiltrosDataAccess             Method: FiltroMarcas                            Routine: ERROR***       Message: []@ParamDenominators is not a parameter for procedure sp_FiltroMarcas.
V1|22:04:47.362 == Class: FiltrosDataAccess             Method: FiltroMarcas                            Routine: ERROR***       Message: []@ParamDenominators is not a parameter for procedure sp_FiltroMarcas.
V1|22:04:47.509 == Class: FiltrosDataAccess             Method: FiltroMarcas                            Routine: ERROR***       Message: []@ParamDenominators is not a parameter for procedure sp_FiltroMarcas.
V1|22:04:47.605 == Class: FiltrosDataAccess             Method: FiltroMarcas                            Routine: ERROR***       Message: []@ParamDenominators is not a parameter for procedure sp_FiltroMarcas.
V1|22:06:14.571 == Class: UsuarioDataAccess             Method: CarregarPopUpMsn                        Routine: ERROR***       Message: [ipsos@teste.com.br]Could not find stored procedure 'pr_Lista_PopUp'.
V1|22:06:15.568 == Class: FiltrosDataAccess             Method: FiltroMarcas                            Routine: ERROR***       Message: []@ParamDenominators is not a parameter for procedure sp_FiltroMarcas.
V1|22:06:15.782 == Class: FiltrosDataAccess             Method: FiltroMarcas                            Routine: ERROR***       Message: []@ParamDenominators is not a parameter for procedure sp_FiltroMarcas.
V1|22:06:15.975 == Class: LogDataAccess                 Method: ObtemUsuarioPorIdUser                   Routine: ERROR***       Message: [ipsos@teste.com.br]Invalid object name 'tblUser'.
V1|22:06:41.143 == Class: DashBoardTwoDataAccess        Method: CarregarGraficoComparativoMarcas        Routine: ERROR***       Message: [ipsos@teste.com.br]Referência de objeto não definida para uma instância de um objeto.
V1|22:06:44.880 == Class: DashBoardTwoDataAccess        Method: CarregarGraficoComparativoMarcas        Routine: ERROR***       Message: [ipsos@teste.com.br]Referência de objeto não definida para uma instância de um objeto.
V1|22:06:46.398 == Class: DashBoardTwoDataAccess        Method: CarregarGraficoComparativoMarcas        Routine: ERROR***       Message: [ipsos@teste.com.br]Referência de objeto não definida para uma instância de um objeto.
V1|22:06:46.706 == Class: DashBoardTwoDataAccess        Method: CarregarGraficoComparativoMarcas        Routine: ERROR***       Message: [ipsos@teste.com.br]Referência de objeto não definida para uma instância de um objeto.
V1|22:06:48.038 == Class: UsuarioDataAccess             Method: CarregarPopUpMsn                        Routine: ERROR***       Message: [ipsos@teste.com.br]Could not find stored procedure 'pr_Lista_PopUp'.
V1|22:06:49.776 == Class: FiltrosDataAccess             Method: FiltroMarcas                            Routine: ERROR***       Message: []@ParamDenominators is not a parameter for procedure sp_FiltroMarcas.
V1|22:06:50.283 == Class: LogDataAccess                 Method: ObtemUsuarioPorIdUser                   Routine: ERROR***       Message: [ipsos@teste.com.br]Invalid object name 'tblUser'.
V1|22:07:39.606 == Class: UsuarioDataAccess             Method: CarregarPopUpMsn                        Routine: ERROR***       Message: [ipsos@teste.com.br]Could not find stored procedure 'pr_Lista_PopUp'.
V1|22:07:40.611 == Class: FiltrosDataAccess             Method: FiltroMarcas                            Routine: ERROR***       Message: []@ParamDenominators is not a parameter for procedure sp_FiltroMarcas.
V1|22:07:40.921 == Class: LogDataAccess                 Method: ObtemUsuarioPorIdUser                   Routine: ERROR***       Message: [ipsos@teste.com.br]Invalid object name 'tblUser'.
V1|22:11:55.361 == Class: UsuarioDataAccess             Method: CarregarPopUpMsn                        Routine: ERROR***       Message: [ipsos@teste.com.br]Could not find stored procedure 'pr_Lista_PopUp'.
V1|22:11:55.993 == Class: FiltrosDataAccess             Method: FiltroMarcas                            Routine: ERROR***       Message: []@ParamDenominators is not a parameter for procedure sp_FiltroMarcas.
V1|22:11:56.282 == Class: LogDataAccess                 Method: ObtemUsuarioPorIdUser                   Routine: ERROR***       Message: [ipsos@teste.com.br]Invalid object name 'tblUser'.
V1|22:11:56.361 == Class: LogDataAccess                 Method: InsertLog                               Routine: ERROR***       Message: [ipsos@teste.com.br]Invalid object name 'tblUser'.
V1|22:23:30.772 == Class: UsuarioDataAccess             Method: CarregarPopUpMsn                        Routine: ERROR***       Message: [ipsos@teste.com.br]Could not find stored procedure 'pr_Lista_PopUp'.
V1|22:23:31.855 == Class: FiltrosDataAccess             Method: FiltroMarcas                            Routine: ERROR***       Message: []@ParamDenominators is not a parameter for procedure sp_FiltroMarcas.
V1|22:23:32.117 == Class: LogDataAccess                 Method: ObtemUsuarioPorIdUser                   Routine: ERROR***       Message: [ipsos@teste.com.br]Invalid object name 'tblUser'.
V1|22:23:32.164 == Class: LogDataAccess                 Method: InsertLog                               Routine: ERROR***       Message: [ipsos@teste.com.br]Invalid object name 'tblUser'.
V1|22:25:11.263 == Class: UsuarioDataAccess             Method: CarregarPopUpMsn                        Routine: ERROR***       Message: [ipsos@teste.com.br]Could not find stored procedure 'pr_Lista_PopUp'.
V1|22:25:12.037 == Class: FiltrosDataAccess             Method: FiltroMarcas                            Routine: ERROR***       Message: []@ParamDenominators is not a parameter for procedure sp_FiltroMarcas.
V1|22:25:12.240 == Class: FiltrosDataAccess             Method: FiltroMarcas                            Routine: ERROR***       Message: []@ParamDenominators is not a parameter for procedure sp_FiltroMarcas.
V1|22:25:12.344 == Class: LogDataAccess                 Method: ObtemUsuarioPorIdUser                   Routine: ERROR***       Message: [ipsos@teste.com.br]Invalid object name 'tblUser'.
V1|22:25:12.468 == Class: LogDataAccess                 Method: InsertLog                               Routine: ERROR***       Message: [ipsos@teste.com.br]Invalid object name 'tblUser'.
V1|22:26:01.819 == Class: DashBoardTwoDataAccess        Method: CarregarGraficoComparativoMarcas        Routine: ERROR***       Message: [ipsos@teste.com.br]Referência de objeto não definida para uma instância de um objeto.
V1|22:26:01.846 == Class: DashBoardTwoDataAccess        Method: CarregarGraficoComparativoMarcas        Routine: ERROR***       Message: [ipsos@teste.com.br]Referência de objeto não definida para uma instância de um objeto.
V1|22:26:03.703 == Class: DashBoardTwoDataAccess        Method: CarregarGraficoComparativoMarcas        Routine: ERROR***       Message: [ipsos@teste.com.br]Referência de objeto não definida para uma instância de um objeto.
V1|22:26:05.798 == Class: DashBoardTwoDataAccess        Method: CarregarGraficoComparativoMarcas        Routine: ERROR***       Message: [ipsos@teste.com.br]Referência de objeto não definida para uma instância de um objeto.
V1|22:26:06.618 == Class: DashBoardTwoDataAccess        Method: CarregarGraficoComparativoMarcas        Routine: ERROR***       Message: [ipsos@teste.com.br]Referência de objeto não definida para uma instância de um objeto.
V1|22:26:06.645 == Class: DashBoardTwoDataAccess        Method: CarregarGraficoComparativoMarcas        Routine: ERROR***       Message: [ipsos@teste.com.br]Referência de objeto não definida para uma instância de um objeto.
V1|22:26:07.347 == Class: DashBoardTwoDataAccess        Method: CarregarGraficoComparativoMarcas        Routine: ERROR***       Message: [ipsos@teste.com.br]Referência de objeto não definida para uma instância de um objeto.
V1|22:26:07.734 == Class: FiltrosDataAccess             Method: FiltroMarcas                            Routine: ERROR***       Message: []Método não encontrado: 'Int32 Entities.Filtros.ParamGeralFiltro.get_ParamTipoChocolate()'.
V1|22:26:07.824 == Class: FiltrosDataAccess             Method: FiltroMarcas                            Routine: ERROR***       Message: []Método não encontrado: 'Int32 Entities.Filtros.ParamGeralFiltro.get_ParamTipoChocolate()'.
V1|22:26:07.974 == Class: FiltrosDataAccess             Method: FiltroMarcas                            Routine: ERROR***       Message: []Método não encontrado: 'Int32 Entities.Filtros.ParamGeralFiltro.get_ParamTipoChocolate()'.
V1|22:26:08.053 == Class: FiltrosDataAccess             Method: FiltroMarcas                            Routine: ERROR***       Message: []Método não encontrado: 'Int32 Entities.Filtros.ParamGeralFiltro.get_ParamTipoChocolate()'.
V1|22:26:08.150 == Class: FiltrosDataAccess             Method: FiltroMarcas                            Routine: ERROR***       Message: []Método não encontrado: 'Int32 Entities.Filtros.ParamGeralFiltro.get_ParamTipoChocolate()'.
V1|22:26:19.001 == Class: FiltrosDataAccess             Method: FiltroMarcas                            Routine: ERROR***       Message: []Método não encontrado: 'Int32 Entities.Filtros.ParamGeralFiltro.get_ParamTipoChocolate()'.
V1|22:26:35.510 == Class: DashBoardTwoDataAccess        Method: CarregarGraficoComparativoMarcas        Routine: ERROR***       Message: [ipsos@teste.com.br]Referência de objeto não definida para uma instância de um objeto.
V1|22:26:39.003 == Class: DashBoardTwoDataAccess        Method: CarregarGraficoComparativoMarcas        Routine: ERROR***       Message: [ipsos@teste.com.br]Referência de objeto não definida para uma instância de um objeto.
V1|22:26:39.179 == Class: DashBoardTwoDataAccess        Method: CarregarGraficoComparativoMarcas        Routine: ERROR***       Message: [ipsos@teste.com.br]Referência de objeto não definida para uma instância de um objeto.
V1|22:26:39.300 == Class: LogDataAccess                 Method: InsertLog                               Routine: ERROR***       Message: [ipsos@teste.com.br]Uma conexão com o servidor foi estabelecida com êxito, mas ocorreu um erro durante o handshake de pré-logon. (provider: SSL Provider, error: 0 - O tempo limite de espera foi atingido.)
V1|22:26:42.191 == Class: DashBoardTwoDataAccess        Method: CarregarGraficoComparativoMarcas        Routine: ERROR***       Message: [ipsos@teste.com.br]Referência de objeto não definida para uma instância de um objeto.
V1|22:26:42.220 == Class: DashBoardTwoDataAccess        Method: CarregarGraficoComparativoMarcas        Routine: ERROR***       Message: [ipsos@teste.com.br]Referência de objeto não definida para uma instância de um objeto.
V1|22:26:42.740 == Class: DashBoardTwoDataAccess        Method: CarregarGraficoComparativoMarcas        Routine: ERROR***       Message: [ipsos@teste.com.br]Referência de objeto não definida para uma instância de um objeto.
V1|22:26:42.796 == Class: DashBoardTwoDataAccess        Method: CarregarGraficoComparativoMarcas        Routine: ERROR***       Message: [ipsos@teste.com.br]Referência de objeto não definida para uma instância de um objeto.
V1|22:26:44.484 == Class: DashBoardTwoDataAccess        Method: CarregarGraficoComparativoMarcas        Routine: ERROR***       Message: [ipsos@teste.com.br]Referência de objeto não definida para uma instância de um objeto.
V1|22:26:44.530 == Class: DashBoardTwoDataAccess        Method: CarregarGraficoComparativoMarcas        Routine: ERROR***       Message: [ipsos@teste.com.br]Referência de objeto não definida para uma instância de um objeto.
V1|22:26:44.618 == Class: FiltrosDataAccess             Method: FiltroMarcas                            Routine: ERROR***       Message: []Método não encontrado: 'Int32 Entities.Filtros.ParamGeralFiltro.get_ParamTipoChocolate()'.
V1|22:26:44.685 == Class: FiltrosDataAccess             Method: FiltroMarcas                            Routine: ERROR***       Message: []Método não encontrado: 'Int32 Entities.Filtros.ParamGeralFiltro.get_ParamTipoChocolate()'.
V1|22:26:44.751 == Class: FiltrosDataAccess             Method: FiltroMarcas                            Routine: ERROR***       Message: []Método não encontrado: 'Int32 Entities.Filtros.ParamGeralFiltro.get_ParamTipoChocolate()'.
V1|22:26:44.911 == Class: FiltrosDataAccess             Method: FiltroMarcas                            Routine: ERROR***       Message: []Método não encontrado: 'Int32 Entities.Filtros.ParamGeralFiltro.get_ParamTipoChocolate()'.
V1|22:26:44.938 == Class: FiltrosDataAccess             Method: FiltroMarcas                            Routine: ERROR***       Message: []Método não encontrado: 'Int32 Entities.Filtros.ParamGeralFiltro.get_ParamTipoChocolate()'.
V1|22:28:40.405 == Class: UsuarioDataAccess             Method: CarregarPopUpMsn                        Routine: ERROR***       Message: [ipsos@teste.com.br]Could not find stored procedure 'pr_Lista_PopUp'.
V1|22:28:41.091 == Class: FiltrosDataAccess             Method: FiltroMarcas                            Routine: ERROR***       Message: []Método não encontrado: 'Int32 Entities.Filtros.ParamGeralFiltro.get_ParamTipoChocolate()'.
V1|22:28:41.249 == Class: FiltrosDataAccess             Method: FiltroMarcas                            Routine: ERROR***       Message: []Método não encontrado: 'Int32 Entities.Filtros.ParamGeralFiltro.get_ParamTipoChocolate()'.
V1|22:28:44.200 == Class: DashBoardTwoDataAccess        Method: CarregarGraficoComparativoMarcas        Routine: ERROR***       Message: [ipsos@teste.com.br]Referência de objeto não definida para uma instância de um objeto.
V1|22:28:45.903 == Class: DashBoardTwoDataAccess        Method: CarregarGraficoComparativoMarcas        Routine: ERROR***       Message: [ipsos@teste.com.br]Referência de objeto não definida para uma instância de um objeto.
V1|22:28:45.933 == Class: DashBoardTwoDataAccess        Method: CarregarGraficoComparativoMarcas        Routine: ERROR***       Message: [ipsos@teste.com.br]Referência de objeto não definida para uma instância de um objeto.
V1|22:28:46.502 == Class: DashBoardTwoDataAccess        Method: CarregarGraficoComparativoMarcas        Routine: ERROR***       Message: [ipsos@teste.com.br]Referência de objeto não definida para uma instância de um objeto.
V1|22:28:47.022 == Class: DashBoardTwoDataAccess        Method: CarregarGraficoComparativoMarcas        Routine: ERROR***       Message: [ipsos@teste.com.br]Referência de objeto não definida para uma instância de um objeto.
V1|22:28:47.653 == Class: LogDataAccess                 Method: ObtemUsuarioPorIdUser                   Routine: ERROR***       Message: [ipsos@teste.com.br]Invalid object name 'tblUser'.
V1|22:28:48.675 == Class: DashBoardTwoDataAccess        Method: CarregarGraficoComparativoMarcas        Routine: ERROR***       Message: [ipsos@teste.com.br]Referência de objeto não definida para uma instância de um objeto.
V1|22:28:48.720 == Class: LogDataAccess                 Method: InsertLog                               Routine: ERROR***       Message: [ipsos@teste.com.br]Invalid object name 'tblUser'.
V1|22:28:50.510 == Class: DashBoardTwoDataAccess        Method: CarregarGraficoComparativoMarcas        Routine: ERROR***       Message: [ipsos@teste.com.br]Referência de objeto não definida para uma instância de um objeto.
V1|22:28:51.632 == Class: DashBoardTwoDataAccess        Method: CarregarGraficoComparativoMarcas        Routine: ERROR***       Message: [ipsos@teste.com.br]Referência de objeto não definida para uma instância de um objeto.
V1|22:28:51.728 == Class: FiltrosDataAccess             Method: FiltroMarcas                            Routine: ERROR***       Message: []Método não encontrado: 'Int32 Entities.Filtros.ParamGeralFiltro.get_ParamTipoChocolate()'.
V1|22:28:51.803 == Class: FiltrosDataAccess             Method: FiltroMarcas                            Routine: ERROR***       Message: []Método não encontrado: 'Int32 Entities.Filtros.ParamGeralFiltro.get_ParamTipoChocolate()'.
V1|22:28:51.873 == Class: FiltrosDataAccess             Method: FiltroMarcas                            Routine: ERROR***       Message: []Método não encontrado: 'Int32 Entities.Filtros.ParamGeralFiltro.get_ParamTipoChocolate()'.
V1|22:28:51.933 == Class: FiltrosDataAccess             Method: FiltroMarcas                            Routine: ERROR***       Message: []Método não encontrado: 'Int32 Entities.Filtros.ParamGeralFiltro.get_ParamTipoChocolate()'.
V1|22:28:51.995 == Class: FiltrosDataAccess             Method: FiltroMarcas                            Routine: ERROR***       Message: []Método não encontrado: 'Int32 Entities.Filtros.ParamGeralFiltro.get_ParamTipoChocolate()'.
V1|22:30:58.685 == Class: UsuarioDataAccess             Method: CarregarPopUpMsn                        Routine: ERROR***       Message: [ipsos@teste.com.br]Could not find stored procedure 'pr_Lista_PopUp'.
V1|22:30:59.392 == Class: FiltrosDataAccess             Method: FiltroMarcas                            Routine: ERROR***       Message: []Método não encontrado: 'Int32 Entities.Filtros.ParamGeralFiltro.get_ParamTipoChocolate()'.
V1|22:30:59.491 == Class: FiltrosDataAccess             Method: FiltroMarcas                            Routine: ERROR***       Message: []Método não encontrado: 'Int32 Entities.Filtros.ParamGeralFiltro.get_ParamTipoChocolate()'.
V1|22:31:04.642 == Class: DashBoardTwoDataAccess        Method: CarregarGraficoComparativoMarcas        Routine: ERROR***       Message: [ipsos@teste.com.br]Referência de objeto não definida para uma instância de um objeto.
V1|22:31:06.223 == Class: DashBoardTwoDataAccess        Method: CarregarGraficoComparativoMarcas        Routine: ERROR***       Message: [ipsos@teste.com.br]Referência de objeto não definida para uma instância de um objeto.
V1|22:31:06.253 == Class: DashBoardTwoDataAccess        Method: CarregarGraficoComparativoMarcas        Routine: ERROR***       Message: [ipsos@teste.com.br]Referência de objeto não definida para uma instância de um objeto.
V1|22:31:06.816 == Class: DashBoardTwoDataAccess        Method: CarregarGraficoComparativoMarcas        Routine: ERROR***       Message: [ipsos@teste.com.br]Referência de objeto não definida para uma instância de um objeto.
V1|22:31:06.994 == Class: DashBoardTwoDataAccess        Method: CarregarGraficoComparativoMarcas        Routine: ERROR***       Message: [ipsos@teste.com.br]Referência de objeto não definida para uma instância de um objeto.
V1|22:31:07.063 == Class: LogDataAccess                 Method: ObtemUsuarioPorIdUser                   Routine: ERROR***       Message: [ipsos@teste.com.br]Invalid object name 'tblUser'.
V1|22:31:07.123 == Class: FiltrosDataAccess             Method: FiltroMarcas                            Routine: ERROR***       Message: []Método não encontrado: 'Int32 Entities.Filtros.ParamGeralFiltro.get_ParamTipoChocolate()'.
V1|22:31:07.463 == Class: LogDataAccess                 Method: InsertLog                               Routine: ERROR***       Message: [ipsos@teste.com.br]Invalid object name 'tblUser'.
V1|22:31:07.468 == Class: FiltrosDataAccess             Method: FiltroMarcas                            Routine: ERROR***       Message: []Método não encontrado: 'Int32 Entities.Filtros.ParamGeralFiltro.get_ParamTipoChocolate()'.
V1|22:31:07.551 == Class: FiltrosDataAccess             Method: FiltroMarcas                            Routine: ERROR***       Message: []Método não encontrado: 'Int32 Entities.Filtros.ParamGeralFiltro.get_ParamTipoChocolate()'.
V1|22:31:07.643 == Class: FiltrosDataAccess             Method: FiltroMarcas                            Routine: ERROR***       Message: []Método não encontrado: 'Int32 Entities.Filtros.ParamGeralFiltro.get_ParamTipoChocolate()'.
V1|22:31:07.677 == Class: FiltrosDataAccess             Method: FiltroMarcas                            Routine: ERROR***       Message: []Método não encontrado: 'Int32 Entities.Filtros.ParamGeralFiltro.get_ParamTipoChocolate()'.
V1|22:31:39.097 == Class: UsuarioDataAccess             Method: CarregarPopUpMsn                        Routine: ERROR***       Message: [ipsos@teste.com.br]Could not find stored procedure 'pr_Lista_PopUp'.
V1|22:31:39.768 == Class: FiltrosDataAccess             Method: FiltroMarcas                            Routine: ERROR***       Message: []Método não encontrado: 'Int32 Entities.Filtros.ParamGeralFiltro.get_ParamTipoChocolate()'.
V1|22:31:39.959 == Class: FiltrosDataAccess             Method: FiltroMarcas                            Routine: ERROR***       Message: []Método não encontrado: 'Int32 Entities.Filtros.ParamGeralFiltro.get_ParamTipoChocolate()'.
V1|22:31:40.322 == Class: LogDataAccess                 Method: ObtemUsuarioPorIdUser                   Routine: ERROR***       Message: [ipsos@teste.com.br]Invalid object name 'tblUser'.
V1|22:32:12.244 == Class: DashBoardTwoDataAccess        Method: CarregarGraficoComparativoMarcas        Routine: ERROR***       Message: [ipsos@teste.com.br]Referência de objeto não definida para uma instância de um objeto.
V1|22:32:13.339 == Class: DashBoardTwoDataAccess        Method: CarregarGraficoComparativoMarcas        Routine: ERROR***       Message: [ipsos@teste.com.br]Referência de objeto não definida para uma instância de um objeto.
V1|22:32:13.927 == Class: DashBoardTwoDataAccess        Method: CarregarGraficoComparativoMarcas        Routine: ERROR***       Message: [ipsos@teste.com.br]Referência de objeto não definida para uma instância de um objeto.
V1|22:32:15.218 == Class: DashBoardTwoDataAccess        Method: CarregarGraficoComparativoMarcas        Routine: ERROR***       Message: [ipsos@teste.com.br]Referência de objeto não definida para uma instância de um objeto.
V1|22:32:15.280 == Class: FiltrosDataAccess             Method: FiltroMarcas                            Routine: ERROR***       Message: []Método não encontrado: 'Int32 Entities.Filtros.ParamGeralFiltro.get_ParamTipoChocolate()'.
V1|22:32:15.370 == Class: FiltrosDataAccess             Method: FiltroMarcas                            Routine: ERROR***       Message: []Método não encontrado: 'Int32 Entities.Filtros.ParamGeralFiltro.get_ParamTipoChocolate()'.
V1|22:32:15.494 == Class: FiltrosDataAccess             Method: FiltroMarcas                            Routine: ERROR***       Message: []Método não encontrado: 'Int32 Entities.Filtros.ParamGeralFiltro.get_ParamTipoChocolate()'.
V1|22:32:16.518 == Class: FiltrosDataAccess             Method: FiltroMarcas                            Routine: ERROR***       Message: []Método não encontrado: 'Int32 Entities.Filtros.ParamGeralFiltro.get_ParamTipoChocolate()'.
V1|22:32:31.917 == Class: FiltrosDataAccess             Method: FiltroMarcas                            Routine: ERROR***       Message: []Método não encontrado: 'Int32 Entities.Filtros.ParamGeralFiltro.get_ParamTipoChocolate()'.
V1|22:32:36.774 == Class: DashBoardEightDataAccess      Method: CarregarGraficoComparativoMarcasConsiderationRoutine: ERROR***       Message: [ipsos@teste.com.br]Referência de objeto não definida para uma instância de um objeto.
V1|22:32:38.580 == Class: DashBoardEightDataAccess      Method: CarregarGraficoComparativoMarcasConsiderationRoutine: ERROR***       Message: [ipsos@teste.com.br]Referência de objeto não definida para uma instância de um objeto.
V1|22:32:39.059 == Class: DashBoardEightDataAccess      Method: CarregarGraficoComparativoMarcasConsiderationRoutine: ERROR***       Message: [ipsos@teste.com.br]Referência de objeto não definida para uma instância de um objeto.
V1|22:32:44.659 == Class: DashBoardEightDataAccess      Method: CarregarGraficoComparativoMarcasConsiderationRoutine: ERROR***       Message: [ipsos@teste.com.br]Referência de objeto não definida para uma instância de um objeto.
V1|22:32:48.103 == Class: UsuarioDataAccess             Method: CarregarPopUpMsn                        Routine: ERROR***       Message: [ipsos@teste.com.br]Could not find stored procedure 'pr_Lista_PopUp'.
V1|22:32:49.485 == Class: DashBoardEightDataAccess      Method: CarregarGraficoComparativoMarcasConsiderationRoutine: ERROR***       Message: [ipsos@teste.com.br]Referência de objeto não definida para uma instância de um objeto.
V1|22:32:49.508 == Class: DashBoardEightDataAccess      Method: CarregarGraficoComparativoMarcasConsiderationRoutine: ERROR***       Message: [ipsos@teste.com.br]Referência de objeto não definida para uma instância de um objeto.
V1|22:32:49.593 == Class: FiltrosDataAccess             Method: FiltroMarcas                            Routine: ERROR***       Message: []Método não encontrado: 'Int32 Entities.Filtros.ParamGeralFiltro.get_ParamTipoChocolate()'.
V1|22:32:49.646 == Class: FiltrosDataAccess             Method: FiltroMarcas                            Routine: ERROR***       Message: []Método não encontrado: 'Int32 Entities.Filtros.ParamGeralFiltro.get_ParamTipoChocolate()'.
V1|22:32:49.703 == Class: FiltrosDataAccess             Method: FiltroMarcas                            Routine: ERROR***       Message: []Método não encontrado: 'Int32 Entities.Filtros.ParamGeralFiltro.get_ParamTipoChocolate()'.
V1|22:32:49.827 == Class: FiltrosDataAccess             Method: FiltroMarcas                            Routine: ERROR***       Message: []Método não encontrado: 'Int32 Entities.Filtros.ParamGeralFiltro.get_ParamTipoChocolate()'.
V1|22:32:49.901 == Class: FiltrosDataAccess             Method: FiltroMarcas                            Routine: ERROR***       Message: []Método não encontrado: 'Int32 Entities.Filtros.ParamGeralFiltro.get_ParamTipoChocolate()'.
V1|22:32:49.981 == Class: LogDataAccess                 Method: InsertLog                               Routine: ERROR***       Message: [ipsos@teste.com.br]Invalid object name 'tblUser'.
V1|22:32:55.222 == Class: FiltrosDataAccess             Method: FiltroMarcas                            Routine: ERROR***       Message: []Método não encontrado: 'Int32 Entities.Filtros.ParamGeralFiltro.get_ParamTipoChocolate()'.
V1|22:32:57.114 == Class: DashBoardTwoDataAccess        Method: CarregarGraficoComparativoMarcas        Routine: ERROR***       Message: [ipsos@teste.com.br]Referência de objeto não definida para uma instância de um objeto.
V1|22:32:58.411 == Class: DashBoardTwoDataAccess        Method: CarregarGraficoComparativoMarcas        Routine: ERROR***       Message: [ipsos@teste.com.br]Referência de objeto não definida para uma instância de um objeto.
V1|22:32:58.448 == Class: DashBoardTwoDataAccess        Method: CarregarGraficoComparativoMarcas        Routine: ERROR***       Message: [ipsos@teste.com.br]Referência de objeto não definida para uma instância de um objeto.
V1|22:32:58.549 == Class: UsuarioDataAccess             Method: CarregarPopUpMsn                        Routine: ERROR***       Message: [ipsos@teste.com.br]Could not find stored procedure 'pr_Lista_PopUp'.
V1|22:32:59.845 == Class: DashBoardTwoDataAccess        Method: CarregarGraficoComparativoMarcas        Routine: ERROR***       Message: [ipsos@teste.com.br]Referência de objeto não definida para uma instância de um objeto.
V1|22:32:59.934 == Class: LogDataAccess                 Method: ObtemUsuarioPorIdUser                   Routine: ERROR***       Message: [ipsos@teste.com.br]Invalid object name 'tblUser'.
V1|22:33:01.228 == Class: LogDataAccess                 Method: InsertLog                               Routine: ERROR***       Message: [ipsos@teste.com.br]Invalid object name 'tblUser'.
V1|22:33:01.336 == Class: FiltrosDataAccess             Method: FiltroMarcas                            Routine: ERROR***       Message: []Método não encontrado: 'Int32 Entities.Filtros.ParamGeralFiltro.get_ParamTipoChocolate()'.
V1|22:33:01.415 == Class: FiltrosDataAccess             Method: FiltroMarcas                            Routine: ERROR***       Message: []Método não encontrado: 'Int32 Entities.Filtros.ParamGeralFiltro.get_ParamTipoChocolate()'.
V1|22:33:01.495 == Class: FiltrosDataAccess             Method: FiltroMarcas                            Routine: ERROR***       Message: []Método não encontrado: 'Int32 Entities.Filtros.ParamGeralFiltro.get_ParamTipoChocolate()'.
V1|22:33:01.568 == Class: FiltrosDataAccess             Method: FiltroMarcas                            Routine: ERROR***       Message: []Método não encontrado: 'Int32 Entities.Filtros.ParamGeralFiltro.get_ParamTipoChocolate()'.
V1|22:33:01.631 == Class: FiltrosDataAccess             Method: FiltroMarcas                            Routine: ERROR***       Message: []Método não encontrado: 'Int32 Entities.Filtros.ParamGeralFiltro.get_ParamTipoChocolate()'.
V1|22:33:47.686 == Class: UsuarioDataAccess             Method: CarregarPopUpMsn                        Routine: ERROR***       Message: [ipsos@teste.com.br]Could not find stored procedure 'pr_Lista_PopUp'.
V1|22:35:45.679 == Class: UsuarioDataAccess             Method: CarregarPopUpMsn                        Routine: ERROR***       Message: []Could not find stored procedure 'pr_Lista_PopUp'.
V1|22:36:11.638 == Class: LogDataAccess                 Method: ObtemUsuarioPorIdUser                   Routine: ERROR***       Message: []Invalid object name 'tblUser'.
V1|22:36:22.304 == Class: UsuarioDataAccess             Method: CarregarPopUpMsn                        Routine: ERROR***       Message: []Could not find stored procedure 'pr_Lista_PopUp'.
V1|22:36:27.555 == Class: LogDataAccess                 Method: ObtemUsuarioPorIdUser                   Routine: ERROR***       Message: []Invalid object name 'tblUser'.
V1|22:36:27.592 == Class: LogDataAccess                 Method: InsertLog                               Routine: ERROR***       Message: []Invalid object name 'tblUser'.
V1|22:36:31.540 == Class: DashBoardTwoDataAccess        Method: CarregarGraficoComparativoMarcas        Routine: ERROR***       Message: []Referência de objeto não definida para uma instância de um objeto.
V1|22:36:32.416 == Class: DashBoardTwoDataAccess        Method: CarregarGraficoComparativoMarcas        Routine: ERROR***       Message: []Referência de objeto não definida para uma instância de um objeto.
V1|22:37:31.565 == Class: UsuarioDataAccess             Method: CarregarPopUpMsn                        Routine: ERROR***       Message: []Could not find stored procedure 'pr_Lista_PopUp'.
V1|22:37:32.694 == Class: LogDataAccess                 Method: ObtemUsuarioPorIdUser                   Routine: ERROR***       Message: []Invalid object name 'tblUser'.
V1|22:37:32.779 == Class: LogDataAccess                 Method: InsertLog                               Routine: ERROR***       Message: []Invalid object name 'tblUser'.
V1|22:37:41.659 == Class: DashBoardTwoDataAccess        Method: CarregarGraficoComparativoMarcas        Routine: ERROR***       Message: []Referência de objeto não definida para uma instância de um objeto.
V1|22:37:44.671 == Class: DashBoardTwoDataAccess        Method: CarregarGraficoComparativoMarcas        Routine: ERROR***       Message: []Referência de objeto não definida para uma instância de um objeto.
V1|22:37:45.833 == Class: DashBoardTwoDataAccess        Method: CarregarGraficoComparativoMarcas        Routine: ERROR***       Message: []Referência de objeto não definida para uma instância de um objeto.
V1|22:37:45.874 == Class: DashBoardTwoDataAccess        Method: CarregarGraficoComparativoMarcas        Routine: ERROR***       Message: []Referência de objeto não definida para uma instância de um objeto.
V1|22:39:40.502 == Class: UsuarioDataAccess             Method: CarregarPopUpMsn                        Routine: ERROR***       Message: []Could not find stored procedure 'pr_Lista_PopUp'.
V1|22:40:12.855 == Class: LogDataAccess                 Method: ObtemUsuarioPorIdUser                   Routine: ERROR***       Message: []Invalid object name 'tblUser'.
V1|22:40:12.921 == Class: LogDataAccess                 Method: InsertLog                               Routine: ERROR***       Message: []Invalid object name 'tblUser'.
V1|22:40:15.630 == Class: DashBoardTwoDataAccess        Method: CarregarGraficoComparativoMarcas        Routine: ERROR***       Message: []Referência de objeto não definida para uma instância de um objeto.
V1|22:40:17.429 == Class: DashBoardTwoDataAccess        Method: CarregarGraficoComparativoMarcas        Routine: ERROR***       Message: []Referência de objeto não definida para uma instância de um objeto.
V1|22:40:17.474 == Class: DashBoardTwoDataAccess        Method: CarregarGraficoComparativoMarcas        Routine: ERROR***       Message: []Referência de objeto não definida para uma instância de um objeto.
V1|22:40:19.070 == Class: DashBoardTwoDataAccess        Method: CarregarGraficoComparativoMarcas        Routine: ERROR***       Message: []Referência de objeto não definida para uma instância de um objeto.
V1|22:41:32.773 == Class: UsuarioDataAccess             Method: CarregarPopUpMsn                        Routine: ERROR***       Message: []Could not find stored procedure 'pr_Lista_PopUp'.
V1|22:41:33.932 == Class: LogDataAccess                 Method: ObtemUsuarioPorIdUser                   Routine: ERROR***       Message: []Invalid object name 'tblUser'.
V1|22:41:33.939 == Class: LogDataAccess                 Method: InsertLog                               Routine: ERROR***       Message: []Invalid object name 'tblUser'.
V1|22:42:07.016 == Class: UsuarioDataAccess             Method: CarregarPopUpMsn                        Routine: ERROR***       Message: []Could not find stored procedure 'pr_Lista_PopUp'.
V1|22:42:08.233 == Class: LogDataAccess                 Method: ObtemUsuarioPorIdUser                   Routine: ERROR***       Message: []Invalid object name 'tblUser'.
V1|22:46:20.238 == Class: UsuarioDataAccess             Method: CarregarPopUpMsn                        Routine: ERROR***       Message: []Could not find stored procedure 'pr_Lista_PopUp'.
V1|22:46:21.381 == Class: LogDataAccess                 Method: ObtemUsuarioPorIdUser                   Routine: ERROR***       Message: []Invalid object name 'tblUser'.
V1|22:46:21.521 == Class: LogDataAccess                 Method: InsertLog                               Routine: ERROR***       Message: []Invalid object name 'tblUser'.
V1|22:48:30.833 == Class: UsuarioDataAccess             Method: CarregarPopUpMsn                        Routine: ERROR***       Message: []Could not find stored procedure 'pr_Lista_PopUp'.
V1|22:48:32.080 == Class: LogDataAccess                 Method: ObtemUsuarioPorIdUser                   Routine: ERROR***       Message: []Invalid object name 'tblUser'.
V1|22:50:00.577 == Class: UsuarioDataAccess             Method: CarregarPopUpMsn                        Routine: ERROR***       Message: []Could not find stored procedure 'pr_Lista_PopUp'.
V1|22:50:01.713 == Class: LogDataAccess                 Method: ObtemUsuarioPorIdUser                   Routine: ERROR***       Message: []Invalid object name 'tblUser'.
V1|22:50:01.838 == Class: LogDataAccess                 Method: InsertLog                               Routine: ERROR***       Message: []Invalid object name 'tblUser'.
V1|22:50:56.000 == Class: UsuarioDataAccess             Method: CarregarPopUpMsn                        Routine: ERROR***       Message: []Could not find stored procedure 'pr_Lista_PopUp'.
V1|22:50:57.179 == Class: LogDataAccess                 Method: ObtemUsuarioPorIdUser                   Routine: ERROR***       Message: []Invalid object name 'tblUser'.
V1|22:51:28.703 == Class: LogDataAccess                 Method: ObtemUsuarioPorIdUser                   Routine: ERROR***       Message: []Invalid object name 'tblUser'.
V1|22:51:28.739 == Class: LogDataAccess                 Method: InsertLog                               Routine: ERROR***       Message: []Invalid object name 'tblUser'.
V1|22:51:57.340 == Class: LogDataAccess                 Method: ObtemUsuarioPorIdUser                   Routine: ERROR***       Message: []Invalid object name 'tblUser'.
V1|22:51:57.377 == Class: LogDataAccess                 Method: InsertLog                               Routine: ERROR***       Message: []Invalid object name 'tblUser'.
V1|22:52:13.607 == Class: LogDataAccess                 Method: ObtemUsuarioPorIdUser                   Routine: ERROR***       Message: []Invalid object name 'tblUser'.
V1|22:55:14.196 == Class: UsuarioDataAccess             Method: CarregarPopUpMsn                        Routine: ERROR***       Message: []Could not find stored procedure 'pr_Lista_PopUp'.
V1|22:55:15.281 == Class: LogDataAccess                 Method: ObtemUsuarioPorIdUser                   Routine: ERROR***       Message: []Invalid object name 'tblUser'.
V1|22:55:15.395 == Class: LogDataAccess                 Method: InsertLog                               Routine: ERROR***       Message: []Invalid object name 'tblUser'.
V1|22:56:39.276 == Class: UsuarioDataAccess             Method: CarregarPopUpMsn                        Routine: ERROR***       Message: []Could not find stored procedure 'pr_Lista_PopUp'.
V1|22:56:40.585 == Class: LogDataAccess                 Method: ObtemUsuarioPorIdUser                   Routine: ERROR***       Message: []Invalid object name 'tblUser'.
V1|22:58:21.106 == Class: UsuarioDataAccess             Method: CarregarPopUpMsn                        Routine: ERROR***       Message: []Could not find stored procedure 'pr_Lista_PopUp'.
V1|22:58:22.511 == Class: LogDataAccess                 Method: ObtemUsuarioPorIdUser                   Routine: ERROR***       Message: []Invalid object name 'tblUser'.
V1|22:58:22.599 == Class: LogDataAccess                 Method: InsertLog                               Routine: ERROR***       Message: []Invalid object name 'tblUser'.
V1|22:58:59.460 == Class: UsuarioDataAccess             Method: CarregarPopUpMsn                        Routine: ERROR***       Message: []Could not find stored procedure 'pr_Lista_PopUp'.
V1|22:59:00.402 == Class: LogDataAccess                 Method: ObtemUsuarioPorIdUser                   Routine: ERROR***       Message: []Invalid object name 'tblUser'.
V1|22:59:00.611 == Class: LogDataAccess                 Method: InsertLog                               Routine: ERROR***       Message: []Invalid object name 'tblUser'.
V1|22:59:25.527 == Class: UsuarioDataAccess             Method: CarregarPopUpMsn                        Routine: ERROR***       Message: []Could not find stored procedure 'pr_Lista_PopUp'.
V1|22:59:26.863 == Class: LogDataAccess                 Method: ObtemUsuarioPorIdUser                   Routine: ERROR***       Message: []Invalid object name 'tblUser'.
V1|23:01:25.483 == Class: UsuarioDataAccess             Method: CarregarPopUpMsn                        Routine: ERROR***       Message: []Could not find stored procedure 'pr_Lista_PopUp'.
V1|23:01:25.675 == Class: LogDataAccess                 Method: ObtemUsuarioPorIdUser                   Routine: ERROR***       Message: []Invalid object name 'tblUser'.
V1|23:01:47.007 == Class: UsuarioDataAccess             Method: CarregarPopUpMsn                        Routine: ERROR***       Message: []Could not find stored procedure 'pr_Lista_PopUp'.
V1|23:01:47.498 == Class: LogDataAccess                 Method: ObtemUsuarioPorIdUser                   Routine: ERROR***       Message: []Invalid object name 'tblUser'.
V1|23:03:27.902 == Class: LogDataAccess                 Method: ObtemUsuarioPorIdUser                   Routine: ERROR***       Message: []Invalid object name 'tblUser'.
V1|23:04:43.730 == Class: UsuarioDataAccess             Method: CarregarPopUpMsn                        Routine: ERROR***       Message: []Could not find stored procedure 'pr_Lista_PopUp'.
V1|23:04:44.081 == Class: FiltrosDataAccess             Method: FiltroAtributos                         Routine: ERROR***       Message: []Invalid object name 'tblImagemTraducao'.
V1|23:04:44.163 == Class: LogDataAccess                 Method: InsertLog                               Routine: ERROR***       Message: []Invalid object name 'tblUser'.
V1|23:04:46.449 == Class: DashBoardFourDataAccess       Method: ImagemEvolutiva                         Routine: ERROR***       Message: []Could not find stored procedure 'sp_Dashboard_Imagem2Periodos'.
V1|23:04:47.072 == Class: DashBoardFourDataAccess       Method: ComparativoMarcas                       Routine: ERROR***       Message: []Could not find stored procedure 'sp_Dashboard_ImagemMarcas'.
V1|23:04:47.186 == Class: DashBoardFourDataAccess       Method: ImagemEvolutiva                         Routine: ERROR***       Message: []Could not find stored procedure 'sp_Dashboard_Imagem2Periodos'.
V1|23:04:47.192 == Class: DashBoardFourDataAccess       Method: ImagemEvolutiva                         Routine: ERROR***       Message: []Could not find stored procedure 'sp_Dashboard_Imagem2Periodos'.
V1|23:04:47.222 == Class: DashBoardFourDataAccess       Method: ImagemEvolutiva                         Routine: ERROR***       Message: []Could not find stored procedure 'sp_Dashboard_Imagem2Periodos'.
V1|23:04:47.385 == Class: DashBoardFourDataAccess       Method: ImagemEvolutiva                         Routine: ERROR***       Message: []Could not find stored procedure 'sp_Dashboard_Imagem2Periodos'.
V1|23:04:47.451 == Class: DashBoardFourDataAccess       Method: ImagemEvolutivaLinhas                   Routine: ERROR***       Message: []Could not find stored procedure 'sp_Dashboard_ImagemEvolutivo'.
V1|23:04:50.718 == Class: UsuarioDataAccess             Method: CarregarPopUpMsn                        Routine: ERROR***       Message: []Could not find stored procedure 'pr_Lista_PopUp'.
V1|23:04:50.837 == Class: LogDataAccess                 Method: ObtemUsuarioPorIdUser                   Routine: ERROR***       Message: []Invalid object name 'tblUser'.
V1|23:04:50.980 == Class: LogDataAccess                 Method: InsertLog                               Routine: ERROR***       Message: []Invalid object name 'tblUser'.
V1|23:04:53.626 == Class: UsuarioDataAccess             Method: CarregarPopUpMsn                        Routine: ERROR***       Message: []Could not find stored procedure 'pr_Lista_PopUp'.
V1|23:04:54.059 == Class: LogDataAccess                 Method: ObtemUsuarioPorIdUser                   Routine: ERROR***       Message: []Invalid object name 'tblUser'.
V1|23:07:55.714 == Class: UsuarioDataAccess             Method: CarregarPopUpMsn                        Routine: ERROR***       Message: []Could not find stored procedure 'pr_Lista_PopUp'.
V1|23:07:58.029 == Class: LogDataAccess                 Method: ObtemUsuarioPorIdUser                   Routine: ERROR***       Message: []Invalid object name 'tblUser'.
V1|23:07:58.106 == Class: LogDataAccess                 Method: InsertLog                               Routine: ERROR***       Message: []Invalid object name 'tblUser'.
V1|23:08:03.245 == Class: UsuarioDataAccess             Method: CarregarPopUpMsn                        Routine: ERROR***       Message: []Could not find stored procedure 'pr_Lista_PopUp'.
V1|23:08:03.304 == Class: LogDataAccess                 Method: ObtemUsuarioPorIdUser                   Routine: ERROR***       Message: []Invalid object name 'tblUser'.
V1|23:08:03.424 == Class: LogDataAccess                 Method: InsertLog                               Routine: ERROR***       Message: []Invalid object name 'tblUser'.
